2025-05-25T17:21:56.3232800Z ##[group]Run actions/checkout@v4
2025-05-25T17:21:56.3233090Z with:
2025-05-25T17:21:56.3233240Z   repository: pushpendra996/calculator-ios
2025-05-25T17:21:56.3233500Z   token: ***
2025-05-25T17:21:56.3233620Z   ssh-strict: true
2025-05-25T17:21:56.3233770Z   ssh-user: git
2025-05-25T17:21:56.3233900Z   persist-credentials: true
2025-05-25T17:21:56.3234050Z   clean: true
2025-05-25T17:21:56.3234190Z   sparse-checkout-cone-mode: true
2025-05-25T17:21:56.3234390Z   fetch-depth: 1
2025-05-25T17:21:56.3234510Z   fetch-tags: false
2025-05-25T17:21:56.3234660Z   show-progress: true
2025-05-25T17:21:56.3234810Z   lfs: false
2025-05-25T17:21:56.3234950Z   submodules: false
2025-05-25T17:21:56.3235080Z   set-safe-directory: true
2025-05-25T17:21:56.3235310Z ##[endgroup]
2025-05-25T17:21:56.5148860Z Syncing repository: pushpendra996/calculator-ios
2025-05-25T17:21:56.5149770Z ##[group]Getting Git version info
2025-05-25T17:21:56.5150230Z Working directory is '/Users/pushpendra/Development/Mobile/Practice/calculator-ios/actions-runner/_work/calculator-ios/calculator-ios'
2025-05-25T17:21:56.5150860Z [command]/usr/bin/git version
2025-05-25T17:21:56.6514010Z git version 2.39.5 (Apple Git-154)
2025-05-25T17:21:56.6536710Z ##[endgroup]
2025-05-25T17:21:56.6542150Z Copying '/Users/pushpendra/.gitconfig' to '/Users/pushpendra/Development/Mobile/Practice/calculator-ios/actions-runner/_work/_temp/f9f4cdb4-454e-4a64-9d25-3adab391cabd/.gitconfig'
2025-05-25T17:21:56.6550880Z Temporarily overriding HOME='/Users/pushpendra/Development/Mobile/Practice/calculator-ios/actions-runner/_work/_temp/f9f4cdb4-454e-4a64-9d25-3adab391cabd' before making global git config changes
2025-05-25T17:21:56.6551610Z Adding repository directory to the temporary git global config as a safe directory
2025-05-25T17:21:56.6554230Z [command]/usr/bin/git config --global --add safe.directory /Users/pushpendra/Development/Mobile/Practice/calculator-ios/actions-runner/_work/calculator-ios/calculator-ios
2025-05-25T17:21:56.9871340Z [command]/usr/bin/git config --local --get remote.origin.url
2025-05-25T17:21:57.0402240Z https://github.com/pushpendra996/calculator-ios
2025-05-25T17:21:57.0419150Z ##[group]Removing previously created refs, to avoid conflicts
2025-05-25T17:21:57.0421290Z [command]/usr/bin/git rev-parse --symbolic-full-name --verify --quiet HEAD
2025-05-25T17:21:57.1006050Z refs/heads/main
2025-05-25T17:21:57.1017590Z [command]/usr/bin/git checkout --detach
2025-05-25T17:21:57.1728890Z HEAD is now at 3c1aacd Update swift.yml
2025-05-25T17:21:57.2337920Z [command]/usr/bin/git branch --delete --force main
2025-05-25T17:21:57.2901890Z Deleted branch main (was 3c1aacd).
2025-05-25T17:21:57.3465030Z ##[endgroup]
2025-05-25T17:21:57.3467930Z [command]/usr/bin/git submodule status
2025-05-25T17:21:57.7280480Z ##[group]Cleaning the repository
2025-05-25T17:21:57.7283240Z [command]/usr/bin/git clean -ffdx
2025-05-25T17:21:57.7804420Z Removing calculator-ios.xcodeproj/project.xcworkspace/xcshareddata/
2025-05-25T17:21:57.7813770Z [command]/usr/bin/git reset --hard HEAD
2025-05-25T17:21:57.8388750Z HEAD is now at 3c1aacd Update swift.yml
2025-05-25T17:21:57.8396840Z ##[endgroup]
2025-05-25T17:21:57.8398200Z ##[group]Disabling automatic garbage collection
2025-05-25T17:21:57.8403920Z [command]/usr/bin/git config --local gc.auto 0
2025-05-25T17:21:57.8970760Z ##[endgroup]
2025-05-25T17:21:57.8971290Z ##[group]Setting up auth
2025-05-25T17:21:57.8975330Z [command]/usr/bin/git config --local --name-only --get-regexp core\.sshCommand
2025-05-25T17:21:57.9562040Z [command]/usr/bin/git submodule foreach --recursive sh -c "git config --local --name-only --get-regexp 'core\.sshCommand' && git config --local --unset-all 'core.sshCommand' || :"
2025-05-25T17:21:58.2932650Z [command]/usr/bin/git config --local --name-only --get-regexp http\.https\:\/\/github\.com\/\.extraheader
2025-05-25T17:21:58.3438040Z [command]/usr/bin/git submodule foreach --recursive sh -c "git config --local --name-only --get-regexp 'http\.https\:\/\/github\.com\/\.extrahead