[2025-05-25 17:09:10Z INFO HostContext] No proxy settings were found based on environmental variables (http_proxy/https_proxy/HTTP_PROXY/HTTPS_PROXY)
[2025-05-25 17:09:10Z INFO HostContext] Well known directory 'Bin': '/Users/pushpendra/Development/Mobile/Practice/calculator-ios/actions-runner/bin'
[2025-05-25 17:09:10Z INFO HostContext] Well known directory 'Root': '/Users/pushpendra/Development/Mobile/Practice/calculator-ios/actions-runner'
[2025-05-25 17:09:10Z INFO HostContext] Well known config file 'Credentials': '/Users/pushpendra/Development/Mobile/Practice/calculator-ios/actions-runner/.credentials'
[2025-05-25 17:09:10Z INFO HostContext] Well known directory 'Bin': '/Users/pushpendra/Development/Mobile/Practice/calculator-ios/actions-runner/bin'
[2025-05-25 17:09:10Z INFO HostContext] Well known directory 'Root': '/Users/pushpendra/Development/Mobile/Practice/calculator-ios/actions-runner'
[2025-05-25 17:09:10Z INFO HostContext] Well known config file 'Runner': '/Users/pushpendra/Development/Mobile/Practice/calculator-ios/actions-runner/.runner'
[2025-05-25 17:09:10Z INFO Listener] Runner is built for OSX (Arm64) - osx-arm64.
[2025-05-25 17:09:10Z INFO Listener] RuntimeInformation: Darwin 24.5.0 Darwin Kernel Version 24.5.0: Tue Apr 22 19:54:25 PDT 2025; root:xnu-11417.121.6~2/RELEASE_ARM64_T6020.
[2025-05-25 17:09:10Z INFO Listener] Version: 2.324.0
[2025-05-25 17:09:10Z INFO Listener] Commit: da3412efd49b1cf1a0fbdcbcee4e4ac4cc2177c8
[2025-05-25 17:09:10Z INFO Listener] Culture: en-IN
[2025-05-25 17:09:10Z INFO Listener] UI Culture: en-IN
[2025-05-25 17:09:10Z INFO HostContext] Well known directory 'Bin': '/Users/pushpendra/Development/Mobile/Practice/calculator-ios/actions-runner/bin'
[2025-05-25 17:09:10Z INFO HostContext] Well known directory 'Root': '/Users/pushpendra/Development/Mobile/Practice/calculator-ios/actions-runner'
[2025-05-25 17:09:10Z INFO Listener] Validating directory permissions for: '/Users/pushpendra/Development/Mobile/Practice/calculator-ios/actions-runner'
[2025-05-25 17:09:10Z INFO CommandLineParser] Parse
[2025-05-25 17:09:10Z INFO CommandLineParser] Parsing 1 args
[2025-05-25 17:09:10Z INFO CommandLineParser] parsing argument
[2025-05-25 17:09:10Z INFO CommandLineParser] HasArgs: False
[2025-05-25 17:09:10Z INFO CommandLineParser] Adding Command: run
[2025-05-25 17:09:10Z INFO Listener] Arguments parsed
[2025-05-25 17:09:10Z INFO Runner] ExecuteCommand
[2025-05-25 17:09:10Z INFO ConfigurationStore] currentAssemblyLocation: /Users/pushpendra/Development/Mobile/Practice/calculator-ios/actions-runner/bin/Runner.Listener.dll
[2025-05-25 17:09:10Z INFO HostContext] Well known directory 'Bin': '/Users/pushpendra/Development/Mobile/Practice/calculator-ios/actions-runner/bin'
[2025-05-25 17:09:10Z INFO ConfigurationStore] binPath: /Users/pushpendra/Development/Mobile/Practice/calculator-ios/actions-runner/bin
[2025-05-25 17:09:10Z INFO HostContext] Well known directory 'Bin': '/Users/pushpendra/Development/Mobile/Practice/calculator-ios/actions-runner/bin'
[2025-05-25 17:09:10Z INFO HostContext] Well known directory 'Root': '/Users/pushpendra/Development/Mobile/Practice/calculator-ios/actions-runner'
[2025-05-25 17:09:10Z INFO ConfigurationStore] RootFolder: /Users/pushpendra/Development/Mobile/Practice/calculator-ios/actions-runner
[2025-05-25 17:09:10Z INFO HostContext] Well known directory 'Bin': '/Users/pushpendra/Development/Mobile/Practice/calculator-ios/actions-runner/bin'
[2025-05-25 17:09:10Z INFO HostContext] Well known directory 'Root': '/Users/pushpendra/Development/Mobile/Practice/calculator-ios/actions-runner'
[2025-05-25 17:09:10Z INFO HostContext] Well known config file 'Runner': '/Users/pushpendra/Development/Mobile/Practice/calculator-ios/actions-runner/.runner'
[2025-05-25 17:09:10Z INFO ConfigurationStore] ConfigFilePath: /Users/pushpendra/Development/Mobile/Practice/calculator-ios/actions-runner/.runner
[2025-05-25 17:09:10Z INFO HostContext] Well known directory 'Bin': '/Users/pushpendra/Development/Mobile/Practice/calculator-ios/actions-runner/bin'
[2025-05-25 17:09:10Z INFO HostContext] Well known directory 'Root': '/Users/pushpendra/Development/Mobile/Practice/calculator-ios/actions-runner'
[2025-05-25 17:09:10Z INFO HostContext] Well known config file 'MigratedRunner': '/Users/pushpendra/Development/Mobile/Practice/calculator-ios/actions-runner/.runner_migrated'
[2025-05-25 17:09:10Z INFO ConfigurationStore] MigratedConfigFilePath: /Users/pushpendra/Development/Mobile/Practice/calculator-ios/actions-runner/.runner_migrated
[2025-05-25 17:09:10Z INFO HostContext] Well known directory 'Bin': '/Users/pushpendra/Development/Mobile/Practice/calculator-ios/actions-runner/bin'
[2025-05-25 17:09:10Z INFO HostContext] Well known directory 'Root': '/Users/pushpendra/Development/Mobile/Practice/calculator-ios/actions-runner'
[2025-05-25 17:09:10Z INFO HostContext] Well known config file 'Credentials': '/Users/pushpendra/Development/Mobile/Practice/calculator-ios/actions-runner/.credentials'
[2025-05-25 17:09:10Z INFO ConfigurationStore] CredFilePath: /Users/pushpendra/Development/Mobile/Practice/calculator-ios/actions-runner/.credentials
[2025-05-25 17:09:10Z INFO HostContext] Well known directory 'Bin': '/Users/pushpendra/Development/Mobile/Practice/calculator-ios/actions-runner/bin'
[2025-05-25 17:09:10Z INFO HostContext] Well known directory 'Root': '/Users/pushpendra/Development/Mobile/Practice/calculator-ios/actions-runner'
[2025-05-25 17:09:10Z INFO HostContext] Well known config file 'MigratedCredentials': '/Users/pushpendra/Development/Mobile/Practice/calculator-ios/actions-runner/.credentials_migrated'
[2025-05-25 17:09:10Z INFO ConfigurationStore] MigratedCredFilePath: /Users/pushpendra/Development/Mobile/Practice/calculator-ios/actions-runner/.credentials_migrated
[2025-05-25 17:09:10Z INFO HostContext] Well known directory 'Bin': '/Users/pushpendra/Development/Mobile/Practice/calculator-ios/actions-runner/bin'
[2025-05-25 17:09:10Z INFO HostContext] Well known directory 'Root': '/Users/pushpendra/Development/Mobile/Practice/calculator-ios/actions-runner'
[2025-05-25 17:09:10Z INFO HostContext] Well known config file 'Service': '/Users/pushpendra/Development/Mobile/Practice/calculator-ios/actions-runner/.service'
[2025-05-25 17:09:10Z INFO ConfigurationStore] ServiceConfigFilePath: /Users/pushpendra/Development/Mobile/Practice/calculator-ios/actions-runner/.service
[2025-05-25 17:09:10Z INFO CommandSettings] Flag 'help': 'False'
[2025-05-25 17:09:10Z INFO CommandSettings] Flag 'version': 'False'
[2025-05-25 17:09:10Z INFO CommandSettings] Flag 'commit': 'False'
[2025-05-25 17:09:10Z INFO CommandSettings] Flag 'check': 'False'
[2025-05-25 17:09:10Z INFO CommandSettings] Command 'configure': 'False'
[2025-05-25 17:09:10Z INFO CommandSettings] Command 'remove': 'False'
[2025-05-25 17:09:10Z INFO CommandSettings] Command 'warmup': 'False'
[2025-05-25 17:09:10Z INFO ConfigurationManager] LoadSettings
[2025-05-25 17:09:10Z INFO ConfigurationStore] IsConfigured()
[2025-05-25 17:09:10Z INFO ConfigurationStore] IsConfigured: True
[2025-05-25 17:09:10Z INFO ConfigurationManager] Is configured: True
[2025-05-25 17:09:10Z INFO ConfigurationStore] Read setting file: 306 chars
[2025-05-25 17:09:10Z INFO ConfigurationManager] Settings Loaded
[2025-05-25 17:09:10Z INFO ConfigurationStore] IsServiceConfigured()
[2025-05-25 17:09:10Z INFO ConfigurationStore] IsServiceConfigured: False
[2025-05-25 17:09:10Z INFO CommandSettings] Command 'run': 'True'
[2025-05-25 17:09:10Z INFO ConfigurationStore] IsConfigured()
[2025-05-25 17:09:10Z INFO ConfigurationStore] IsConfigured: True
[2025-05-25 17:09:10Z INFO ConfigurationManager] Is configured: True
[2025-05-25 17:09:10Z INFO Runner] Could not parse the argument value '' for StartupType. Defaulting to Manual
[2025-05-25 17:09:10Z INFO Runner] Set runner startup type - Manual
[2025-05-25 17:09:10Z INFO CommandSettings] Flag 'once': 'False'
[2025-05-25 17:09:10Z INFO CommandSettings] Flag 'once': 'False'
[2025-05-25 17:09:10Z INFO Runner] RunAsync
[2025-05-25 17:09:10Z INFO ConfigurationManager] LoadMigratedSettings
[2025-05-25 17:09:10Z INFO ConfigurationStore] IsMigratedConfigured()
[2025-05-25 17:09:10Z INFO ConfigurationStore] IsMigratedConfigured: False
[2025-05-25 17:09:10Z INFO Runner] Failed to load migrated settings: No migrated configuration found.
[2025-05-25 17:09:10Z INFO Runner] Falling back to original .runner settings
[2025-05-25 17:09:10Z INFO ConfigurationManager] LoadSettings
[2025-05-25 17:09:10Z INFO ConfigurationStore] IsConfigured()
[2025-05-25 17:09:10Z INFO ConfigurationStore] IsConfigured: True
[2025-05-25 17:09:10Z INFO ConfigurationManager] Is configured: True
[2025-05-25 17:09:10Z INFO ConfigurationManager] Settings Loaded
[2025-05-25 17:09:10Z INFO MessageListener] {
  "AgentId": 2,
  "AgentName": "self-hosted",
  "PoolId": 1,
  "PoolName": "Default",
  "ServerUrl": "https://pipelinesghubeus15.actions.githubusercontent.com/YycOfGpyBOskj666WnXoBoBOvTTGpOfqwodsZ3Y8F7IqN8YZ4Y/",
  "GitHubUrl": "https://github.com/pushpendra996/calculator-ios",
  "WorkFolder": "_work"
}
[2025-05-25 17:09:10Z INFO MessageListener] Loading Credentials
[2025-05-25 17:09:10Z INFO ConfigurationStore] HasCredentials()
[2025-05-25 17:09:10Z INFO ConfigurationStore] stored True
[2025-05-25 17:09:10Z INFO CredentialManager] GetCredentialProvider
[2025-05-25 17:09:10Z INFO CredentialManager] Creating type OAuth
[2025-05-25 17:09:10Z INFO CredentialManager] Creating credential type: OAuth
[2025-05-25 17:09:10Z INFO HostContext] Well known directory 'Bin': '/Users/pushpendra/Development/Mobile/Practice/calculator-ios/actions-runner/bin'
[2025-05-25 17:09:10Z INFO HostContext] Well known directory 'Root': '/Users/pushpendra/Development/Mobile/Practice/calculator-ios/actions-runner'
[2025-05-25 17:09:10Z INFO HostContext] Well known config file 'RSACredentials': '/Users/pushpendra/Development/Mobile/Practice/calculator-ios/actions-runner/.credentials_rsaparams'
[2025-05-25 17:09:10Z INFO RSAFileKeyManager] Loading RSA key parameters from file /Users/pushpendra/Development/Mobile/Practice/calculator-ios/actions-runner/.credentials_rsaparams
[2025-05-25 17:09:10Z INFO MessageListener] Attempt to create session.
[2025-05-25 17:09:10Z INFO MessageListener] Connecting to the Runner Server...
[2025-05-25 17:09:10Z INFO RunnerServer] EstablishVssConnection
[2025-05-25 17:09:10Z INFO RunnerServer] Establish connection with 100 seconds timeout.
[2025-05-25 17:09:10Z INFO GitHubActionsService] Starting operation Location.GetConnectionData
[2025-05-25 17:09:10Z INFO RunnerServer] EstablishVssConnection
[2025-05-25 17:09:10Z INFO RunnerServer] Establish connection with 60 seconds timeout.
[2025-05-25 17:09:10Z INFO GitHubActionsService] Starting operation Location.GetConnectionData
[2025-05-25 17:09:10Z INFO RunnerServer] EstablishVssConnection
[2025-05-25 17:09:10Z INFO RunnerServer] Establish connection with 60 seconds timeout.
[2025-05-25 17:09:10Z INFO GitHubActionsService] Starting operation Location.GetConnectionData
[2025-05-25 17:09:11Z INFO GitHubActionsService] Finished operation Location.GetConnectionData
[2025-05-25 17:09:11Z INFO GitHubActionsService] Finished operation Location.GetConnectionData
[2025-05-25 17:09:11Z INFO GitHubActionsService] Finished operation Location.GetConnectionData
[2025-05-25 17:09:12Z INFO MessageListener] VssConnection created
[2025-05-25 17:09:12Z INFO Terminal] WRITE LINE: 
[2025-05-25 17:09:12Z INFO Terminal] WRITE LINE: 
[2025-05-25 17:09:12Z INFO RSAFileKeyManager] Loading RSA key parameters from file /Users/pushpendra/Development/Mobile/Practice/calculator-ios/actions-runner/.credentials_rsaparams
[2025-05-25 17:09:12Z INFO RSAFileKeyManager] Loading RSA key parameters from file /Users/pushpendra/Development/Mobile/Practice/calculator-ios/actions-runner/.credentials_rsaparams
[2025-05-25 17:09:13Z INFO GitHubActionsService] AAD Correlation ID for this token request: Unknown
[2025-05-25 17:09:13Z INFO MessageListener] Session created.
[2025-05-25 17:09:13Z INFO MessageListener] Registering AuthMigrationChanged event handler.
[2025-05-25 17:09:13Z INFO Terminal] WRITE LINE: Current runner version: '2.324.0'
[2025-05-25 17:09:13Z INFO Terminal] WRITE LINE: 2025-05-25 17:09:13Z: Listening for Jobs
[2025-05-25 17:09:13Z INFO JobDispatcher] Set runner/worker IPC timeout to 30 seconds.
[2025-05-25 17:09:14Z INFO ConfigurationStore] HasCredentials()
[2025-05-25 17:09:14Z INFO ConfigurationStore] stored True
[2025-05-25 17:09:14Z INFO CredentialManager] GetCredentialProvider
[2025-05-25 17:09:14Z INFO CredentialManager] Creating type OAuth
[2025-05-25 17:09:14Z INFO CredentialManager] Creating credential type: OAuth
[2025-05-25 17:09:14Z INFO RSAFileKeyManager] Loading RSA key parameters from file /Users/pushpendra/Development/Mobile/Practice/calculator-ios/actions-runner/.credentials_rsaparams
[2025-05-25 17:09:14Z INFO RSAFileKeyManager] Loading RSA key parameters from file /Users/pushpendra/Development/Mobile/Practice/calculator-ios/actions-runner/.credentials_rsaparams
[2025-05-25 17:09:14Z INFO RSAFileKeyManager] Loading RSA key parameters from file /Users/pushpendra/Development/Mobile/Practice/calculator-ios/actions-runner/.credentials_rsaparams
[2025-05-25 17:09:15Z INFO GitHubActionsService] AAD Correlation ID for this token request: Unknown
[2025-05-25 17:10:54Z WARN GitHubActionsService] GET request to https://broker.actions.githubusercontent.com/message?sessionId=649ea9d7-804f-436f-a8df-d4f5850f995e&status=Online&runnerVersion=2.324.0&os=macOS&architecture=ARM64&disableUpdate=false timed out after 100 seconds.
[2025-05-25 17:10:54Z ERR  BrokerServer] Catch exception during request
[2025-05-25 17:10:54Z ERR  BrokerServer] System.TimeoutException: The HTTP request timed out after 00:01:40.
 ---> System.Threading.Tasks.TaskCanceledException: The operation was canceled.
 ---> System.IO.IOException: Unable to read data from the transport connection: Operation canceled.
 ---> System.Net.Sockets.SocketException (89): Operation canceled
   --- End of inner exception stack trace ---
   at System.Net.Sockets.Socket.AwaitableSocketAsyncEventArgs.ThrowException(SocketError error, CancellationToken cancellationToken)
   at System.Net.Sockets.Socket.AwaitableSocketAsyncEventArgs.System.Threading.Tasks.Sources.IValueTaskSource<System.Int32>.GetResult(Int16 token)
   at System.Net.Security.SslStream.EnsureFullTlsFrameAsync[TIOAdapter](CancellationToken cancellationToken, Int32 estimatedSize)
   at System.Runtime.CompilerServices.PoolingAsyncValueTaskMethodBuilder`1.StateMachineBox`1.System.Threading.Tasks.Sources.IValueTaskSource<TResult>.GetResult(Int16 token)
   at System.Net.Security.SslStream.ReadAsyncInternal[TIOAdapter](Memory`1 buffer, CancellationToken cancellationToken)
   at System.Runtime.CompilerServices.PoolingAsyncValueTaskMethodBuilder`1.StateMachineBox`1.System.Threading.Tasks.Sources.IValueTaskSource<TResult>.GetResult(Int16 token)
   at System.Net.Http.HttpConnection.InitialFillAsync(Boolean async)
   at System.Net.Http.HttpConnection.SendAsync(HttpRequestMessage request, Boolean async, CancellationToken cancellationToken)
   --- End of inner exception stack trace ---
   at System.Net.Http.HttpConnection.SendAsync(HttpRequestMessage request, Boolean async, CancellationToken cancellationToken)
   at System.Net.Http.AuthenticationHelper.SendWithNtAuthAsync(HttpRequestMessage request, Uri authUri, Boolean async, ICredentials credentials, Boolean isProxyAuth, HttpConnection connection, HttpConnectionPool connectionPool, CancellationToken cancellationToken)
   at System.Net.Http.HttpConnectionPool.SendWithVersionDetectionAndRetryAsync(HttpRequestMessage request, Boolean async, Boolean doRequestAuth, CancellationToken cancellationToken)
   at System.Net.Http.AuthenticationHelper.SendWithAuthAsync(HttpRequestMessage request, Uri authUri, Boolean async, ICredentials credentials, Boolean preAuthenticate, Boolean isProxyAuth, Boolean doRequestAuth, HttpConnectionPool pool, CancellationToken cancellationToken)
   at System.Net.Http.RedirectHandler.SendAsync(HttpRequestMessage request, Boolean async, CancellationToken cancellationToken)
   at GitHub.Services.Common.RawHttpMessageHandler.SendAsync(HttpRequestMessage request, CancellationToken cancellationToken)
   --- End of inner exception stack trace ---
   at GitHub.Services.Common.RawHttpMessageHandler.SendAsync(HttpRequestMessage request, CancellationToken cancellationToken)
   at GitHub.Services.Common.VssHttpRetryMessageHandler.SendAsync(HttpRequestMessage request, CancellationToken cancellationToken)
   at System.Net.Http.HttpClient.<SendAsync>g__Core|83_0(HttpRequestMessage request, HttpCompletionOption completionOption, CancellationTokenSource cts, Boolean disposeCts, CancellationTokenSource pendingRequestsCts, CancellationToken originalCancellationToken)
   at Sdk.WebApi.WebApi.RawHttpClientBase.SendAsync(HttpRequestMessage message, HttpCompletionOption completionOption, Object userState, CancellationToken cancellationToken)
   at Sdk.WebApi.WebApi.RawHttpClientBase.SendAsync[T](HttpRequestMessage message, Boolean readErrorBody, Object userState, CancellationToken cancellationToken)
   at Sdk.WebApi.WebApi.RawHttpClientBase.SendAsync[T](HttpMethod method, IEnumerable`1 additionalHeaders, Uri requestUri, HttpContent content, IEnumerable`1 queryParameters, Boolean readErrorBody, Object userState, CancellationToken cancellationToken)
   at GitHub.Actions.RunService.WebApi.BrokerHttpClient.GetRunnerMessageAsync(Nullable`1 sessionId, String runnerVersion, Nullable`1 status, String os, String architecture, Nullable`1 disableUpdate, CancellationToken cancellationToken)
   at GitHub.Runner.Common.BrokerServer.<>c__DisplayClass7_0.<<GetRunnerMessageAsync>b__0>d.MoveNext()
--- End of stack trace from previous location ---
   at GitHub.Runner.Common.RunnerService.RetryRequest[T](Func`1 func, CancellationToken cancellationToken, Int32 maxRetryAttemptsCount, Func`2 shouldRetry)
[2025-05-25 17:10:54Z ERR  BrokerServer] #####################################################
[2025-05-25 17:10:54Z ERR  BrokerServer] System.Threading.Tasks.TaskCanceledException: The operation was canceled.
 ---> System.IO.IOException: Unable to read data from the transport connection: Operation canceled.
 ---> System.Net.Sockets.SocketException (89): Operation canceled
   --- End of inner exception stack trace ---
   at System.Net.Sockets.Socket.AwaitableSocketAsyncEventArgs.ThrowException(SocketError error, CancellationToken cancellationToken)
   at System.Net.Sockets.Socket.AwaitableSocketAsyncEventArgs.System.Threading.Tasks.Sources.IValueTaskSource<System.Int32>.GetResult(Int16 token)
   at System.Net.Security.SslStream.EnsureFullTlsFrameAsync[TIOAdapter](CancellationToken cancellationToken, Int32 estimatedSize)
   at System.Runtime.CompilerServices.PoolingAsyncValueTaskMethodBuilder`1.StateMachineBox`1.System.Threading.Tasks.Sources.IValueTaskSource<TResult>.GetResult(Int16 token)
   at System.Net.Security.SslStream.ReadAsyncInternal[TIOAdapter](Memory`1 buffer, CancellationToken cancellationToken)
   at System.Runtime.CompilerServices.PoolingAsyncValueTaskMethodBuilder`1.StateMachineBox`1.System.Threading.Tasks.Sources.IValueTaskSource<TResult>.GetResult(Int16 token)
   at System.Net.Http.HttpConnection.InitialFillAsync(Boolean async)
   at System.Net.Http.HttpConnection.SendAsync(HttpRequestMessage request, Boolean async, CancellationToken cancellationToken)
   --- End of inner exception stack trace ---
   at System.Net.Http.HttpConnection.SendAsync(HttpRequestMessage request, Boolean async, CancellationToken cancellationToken)
   at System.Net.Http.AuthenticationHelper.SendWithNtAuthAsync(HttpRequestMessage request, Uri authUri, Boolean async, ICredentials credentials, Boolean isProxyAuth, HttpConnection connection, HttpConnectionPool connectionPool, CancellationToken cancellationToken)
   at System.Net.Http.HttpConnectionPool.SendWithVersionDetectionAndRetryAsync(HttpRequestMessage request, Boolean async, Boolean doRequestAuth, CancellationToken cancellationToken)
   at System.Net.Http.AuthenticationHelper.SendWithAuthAsync(HttpRequestMessage request, Uri authUri, Boolean async, ICredentials credentials, Boolean preAuthenticate, Boolean isProxyAuth, Boolean doRequestAuth, HttpConnectionPool pool, CancellationToken cancellationToken)
   at System.Net.Http.RedirectHandler.SendAsync(HttpRequestMessage request, Boolean async, CancellationToken cancellationToken)
   at GitHub.Services.Common.RawHttpMessageHandler.SendAsync(HttpRequestMessage request, CancellationToken cancellationToken)
[2025-05-25 17:10:54Z ERR  BrokerServer] #####################################################
[2025-05-25 17:10:54Z ERR  BrokerServer] System.IO.IOException: Unable to read data from the transport connection: Operation canceled.
 ---> System.Net.Sockets.SocketException (89): Operation canceled
   --- End of inner exception stack trace ---
   at System.Net.Sockets.Socket.AwaitableSocketAsyncEventArgs.ThrowException(SocketError error, CancellationToken cancellationToken)
   at System.Net.Sockets.Socket.AwaitableSocketAsyncEventArgs.System.Threading.Tasks.Sources.IValueTaskSource<System.Int32>.GetResult(Int16 token)
   at System.Net.Security.SslStream.EnsureFullTlsFrameAsync[TIOAdapter](CancellationToken cancellationToken, Int32 estimatedSize)
   at System.Runtime.CompilerServices.PoolingAsyncValueTaskMethodBuilder`1.StateMachineBox`1.System.Threading.Tasks.Sources.IValueTaskSource<TResult>.GetResult(Int16 token)
   at System.Net.Security.SslStream.ReadAsyncInternal[TIOAdapter](Memory`1 buffer, CancellationToken cancellationToken)
   at System.Runtime.CompilerServices.PoolingAsyncValueTaskMethodBuilder`1.StateMachineBox`1.System.Threading.Tasks.Sources.IValueTaskSource<TResult>.GetResult(Int16 token)
   at System.Net.Http.HttpConnection.InitialFillAsync(Boolean async)
   at System.Net.Http.HttpConnection.SendAsync(HttpRequestMessage request, Boolean async, CancellationToken cancellationToken)
[2025-05-25 17:10:54Z ERR  BrokerServer] #####################################################
[2025-05-25 17:10:54Z ERR  BrokerServer] System.Net.Sockets.SocketException (89): Operation canceled
[2025-05-25 17:10:54Z WARN BrokerServer] Back off 14.196 seconds before next retry. 4 attempt left.
[2025-05-25 17:12:10Z INFO ConfigurationStore] HasCredentials()
[2025-05-25 17:12:10Z INFO ConfigurationStore] stored True
[2025-05-25 17:12:10Z INFO CredentialManager] GetCredentialProvider
[2025-05-25 17:12:10Z INFO CredentialManager] Creating type OAuth
[2025-05-25 17:12:10Z INFO CredentialManager] Creating credential type: OAuth
[2025-05-25 17:12:10Z INFO RSAFileKeyManager] Loading RSA key parameters from file /Users/pushpendra/Development/Mobile/Practice/calculator-ios/actions-runner/.credentials_rsaparams
[2025-05-25 17:12:20Z INFO MessageListener] Message '8722062476786342050' received from session '649ea9d7-804f-436f-a8df-d4f5850f995e'.
[2025-05-25 17:12:20Z INFO ConfigurationStore] HasCredentials()
[2025-05-25 17:12:20Z INFO ConfigurationStore] stored True
[2025-05-25 17:12:20Z INFO CredentialManager] GetCredentialProvider
[2025-05-25 17:12:20Z INFO CredentialManager] Creating type OAuth
[2025-05-25 17:12:20Z INFO CredentialManager] Creating credential type: OAuth
[2025-05-25 17:12:20Z INFO RSAFileKeyManager] Loading RSA key parameters from file /Users/pushpendra/Development/Mobile/Practice/calculator-ios/actions-runner/.credentials_rsaparams
[2025-05-25 17:12:20Z INFO RSAFileKeyManager] Loading RSA key parameters from file /Users/pushpendra/Development/Mobile/Practice/calculator-ios/actions-runner/.credentials_rsaparams
[2025-05-25 17:12:20Z INFO RSAFileKeyManager] Loading RSA key parameters from file /Users/pushpendra/Development/Mobile/Practice/calculator-ios/actions-runner/.credentials_rsaparams
[2025-05-25 17:12:25Z INFO GitHubActionsService] AAD Correlation ID for this token request: Unknown
[2025-05-25 17:12:25Z WARN GitHubActionsService] Retrieving an AAD auth token took a long time (4.5779851 seconds)
[2025-05-25 17:12:31Z INFO JobDispatcher] Job request 0 for plan 6036b3fd-9f80-498c-bbae-05428a52640b job 66cd97ce-0053-53f6-ad0e-6fe9729dfc64 received.
[2025-05-25 17:12:31Z INFO MessageListener] Received job status event. JobState: Busy
[2025-05-25 17:12:31Z INFO MessageListener] _getMessagesTokenSource is already disposed.
[2025-05-25 17:12:31Z INFO Terminal] WRITE LINE: 2025-05-25 17:12:31Z: Running job: build
[2025-05-25 17:12:31Z INFO JobDispatcher] Start renew job request 0 for job 66cd97ce-0053-53f6-ad0e-6fe9729dfc64.
[2025-05-25 17:12:35Z INFO ConfigurationStore] HasCredentials()
[2025-05-25 17:12:35Z INFO ConfigurationStore] stored True
[2025-05-25 17:12:35Z INFO CredentialManager] GetCredentialProvider
[2025-05-25 17:12:35Z INFO CredentialManager] Creating type OAuth
[2025-05-25 17:12:35Z INFO CredentialManager] Creating credential type: OAuth
[2025-05-25 17:12:35Z INFO RSAFileKeyManager] Loading RSA key parameters from file /Users/pushpendra/Development/Mobile/Practice/calculator-ios/actions-runner/.credentials_rsaparams
[2025-05-25 17:12:36Z INFO JobDispatcher] Successfully renew job 66cd97ce-0053-53f6-ad0e-6fe9729dfc64, job is valid till 25/05/2025 5:22:35 PM
[2025-05-25 17:12:36Z INFO HostContext] Well known directory 'Bin': '/Users/pushpendra/Development/Mobile/Practice/calculator-ios/actions-runner/bin'
[2025-05-25 17:12:36Z INFO ProcessInvokerWrapper] Starting process:
[2025-05-25 17:12:36Z INFO ProcessInvokerWrapper]   File name: '/Users/pushpendra/Development/Mobile/Practice/calculator-ios/actions-runner/bin/Runner.Worker'
[2025-05-25 17:12:36Z INFO ProcessInvokerWrapper]   Arguments: 'spawnclient 157 160'
[2025-05-25 17:12:36Z INFO ProcessInvokerWrapper]   Working directory: '/Users/pushpendra/Development/Mobile/Practice/calculator-ios/actions-runner/bin'
[2025-05-25 17:12:36Z INFO ProcessInvokerWrapper]   Require exit code zero: 'False'
[2025-05-25 17:12:36Z INFO ProcessInvokerWrapper]   Encoding web name:  ; code page: ''
[2025-05-25 17:12:36Z INFO ProcessInvokerWrapper]   Force kill process on cancellation: 'True'
[2025-05-25 17:12:36Z INFO ProcessInvokerWrapper]   Redirected STDIN: 'False'
[2025-05-25 17:12:36Z INFO ProcessInvokerWrapper]   Persist current code page: 'False'
[2025-05-25 17:12:36Z INFO ProcessInvokerWrapper]   Keep redirected STDIN open: 'False'
[2025-05-25 17:12:36Z INFO ProcessInvokerWrapper]   High priority process: 'True'
[2025-05-25 17:12:36Z INFO ProcessInvokerWrapper] Process started with process id 19612, waiting for process exit.
[2025-05-25 17:12:36Z INFO JobDispatcher] Send job request message to worker for job 66cd97ce-0053-53f6-ad0e-6fe9729dfc64.
[2025-05-25 17:12:36Z INFO ProcessChannel] Sending message of length 19082, with hash '3453a70b9fe00215567b8bac98a96ad78047eaa5fbdd57ccffb9f277a4e48e1d'
[2025-05-25 17:12:36Z INFO JobNotification] Entering JobStarted Notification
[2025-05-25 17:12:36Z INFO JobNotification] Entering StartMonitor
[2025-05-25 17:13:27Z INFO ConfigurationStore] HasCredentials()
[2025-05-25 17:13:27Z INFO ConfigurationStore] stored True
[2025-05-25 17:13:27Z INFO CredentialManager] GetCredentialProvider
[2025-05-25 17:13:27Z INFO CredentialManager] Creating type OAuth
[2025-05-25 17:13:27Z INFO CredentialManager] Creating credential type: OAuth
[2025-05-25 17:13:27Z INFO RSAFileKeyManager] Loading RSA key parameters from file /Users/pushpendra/Development/Mobile/Practice/calculator-ios/actions-runner/.credentials_rsaparams
[2025-05-25 17:13:37Z INFO JobDispatcher] Successfully renew job 66cd97ce-0053-53f6-ad0e-6fe9729dfc64, job is valid till 25/05/2025 5:23:36 PM
[2025-05-25 17:14:17Z INFO ConfigurationStore] HasCredentials()
[2025-05-25 17:14:17Z INFO ConfigurationStore] stored True
[2025-05-25 17:14:17Z INFO CredentialManager] GetCredentialProvider
[2025-05-25 17:14:17Z INFO CredentialManager] Creating type OAuth
[2025-05-25 17:14:17Z INFO CredentialManager] Creating credential type: OAuth
[2025-05-25 17:14:17Z INFO RSAFileKeyManager] Loading RSA key parameters from file /Users/pushpendra/Development/Mobile/Practice/calculator-ios/actions-runner/.credentials_rsaparams
[2025-05-25 17:14:39Z INFO JobDispatcher] Successfully renew job 66cd97ce-0053-53f6-ad0e-6fe9729dfc64, job is valid till 25/05/2025 5:24:38 PM
[2025-05-25 17:15:10Z INFO ConfigurationStore] HasCredentials()
[2025-05-25 17:15:10Z INFO ConfigurationStore] stored True
[2025-05-25 17:15:10Z INFO CredentialManager] GetCredentialProvider
[2025-05-25 17:15:10Z INFO CredentialManager] Creating type OAuth
[2025-05-25 17:15:10Z INFO CredentialManager] Creating credential type: OAuth
[2025-05-25 17:15:10Z INFO RSAFileKeyManager] Loading RSA key parameters from file /Users/pushpendra/Development/Mobile/Practice/calculator-ios/actions-runner/.credentials_rsaparams
[2025-05-25 17:15:39Z INFO JobDispatcher] Successfully renew job 66cd97ce-0053-53f6-ad0e-6fe9729dfc64, job is valid till 25/05/2025 5:25:39 PM
[2025-05-25 17:15:41Z INFO ProcessInvokerWrapper] STDOUT/STDERR stream read finished.
[2025-05-25 17:15:41Z INFO ProcessInvokerWrapper] STDOUT/STDERR stream read finished.
[2025-05-25 17:15:41Z INFO ProcessInvokerWrapper] Finished process 19612 with exit code 102, and elapsed time 00:03:04.8949123.
[2025-05-25 17:15:41Z INFO JobDispatcher] Worker finished for job 66cd97ce-0053-53f6-ad0e-6fe9729dfc64. Code: 102
[2025-05-25 17:15:41Z INFO JobDispatcher] finish job request for job 66cd97ce-0053-53f6-ad0e-6fe9729dfc64 with result: Failed
[2025-05-25 17:15:41Z INFO Terminal] WRITE LINE: 2025-05-25 17:15:41Z: Job build completed with result: Failed
[2025-05-25 17:15:41Z INFO JobDispatcher] Stop renew job request for job 66cd97ce-0053-53f6-ad0e-6fe9729dfc64.
[2025-05-25 17:15:41Z INFO JobDispatcher] job renew has been cancelled, stop renew job 66cd97ce-0053-53f6-ad0e-6fe9729dfc64.
[2025-05-25 17:15:41Z INFO JobNotification] Entering JobCompleted Notification
[2025-05-25 17:15:41Z INFO JobNotification] Entering EndMonitor
[2025-05-25 17:15:41Z INFO MessageListener] Received job status event. JobState: Online
[2025-05-25 17:16:02Z INFO ConfigurationStore] HasCredentials()
[2025-05-25 17:16:02Z INFO ConfigurationStore] stored True
[2025-05-25 17:16:02Z INFO CredentialManager] GetCredentialProvider
[2025-05-25 17:16:02Z INFO CredentialManager] Creating type OAuth
[2025-05-25 17:16:02Z INFO CredentialManager] Creating credential type: OAuth
[2025-05-25 17:16:02Z INFO RSAFileKeyManager] Loading RSA key parameters from file /Users/pushpendra/Development/Mobile/Practice/calculator-ios/actions-runner/.credentials_rsaparams
[2025-05-25 17:16:53Z INFO ConfigurationStore] HasCredentials()
[2025-05-25 17:16:53Z INFO ConfigurationStore] stored True
[2025-05-25 17:16:53Z INFO CredentialManager] GetCredentialProvider
[2025-05-25 17:16:53Z INFO CredentialManager] Creating type OAuth
[2025-05-25 17:16:53Z INFO CredentialManager] Creating credential type: OAuth
[2025-05-25 17:16:53Z INFO RSAFileKeyManager] Loading RSA key parameters from file /Users/pushpendra/Development/Mobile/Practice/calculator-ios/actions-runner/.credentials_rsaparams
[2025-05-25 17:17:45Z INFO ConfigurationStore] HasCredentials()
[2025-05-25 17:17:45Z INFO ConfigurationStore] stored True
[2025-05-25 17:17:45Z INFO CredentialManager] GetCredentialProvider
[2025-05-25 17:17:45Z INFO CredentialManager] Creating type OAuth
[2025-05-25 17:17:45Z INFO CredentialManager] Creating credential type: OAuth
[2025-05-25 17:17:45Z INFO RSAFileKeyManager] Loading RSA key parameters from file /Users/pushpendra/Development/Mobile/Practice/calculator-ios/actions-runner/.credentials_rsaparams
[2025-05-25 17:18:37Z INFO ConfigurationStore] HasCredentials()
[2025-05-25 17:18:37Z INFO ConfigurationStore] stored True
[2025-05-25 17:18:37Z INFO CredentialManager] GetCredentialProvider
[2025-05-25 17:18:37Z INFO CredentialManager] Creating type OAuth
[2025-05-25 17:18:37Z INFO CredentialManager] Creating credential type: OAuth
[2025-05-25 17:18:37Z INFO RSAFileKeyManager] Loading RSA key parameters from file /Users/pushpendra/Development/Mobile/Practice/calculator-ios/actions-runner/.credentials_rsaparams
[2025-05-25 17:20:17Z WARN GitHubActionsService] GET request to https://broker.actions.githubusercontent.com/message?sessionId=649ea9d7-804f-436f-a8df-d4f5850f995e&status=Online&runnerVersion=2.324.0&os=macOS&architecture=ARM64&disableUpdate=false timed out after 100 seconds.
[2025-05-25 17:20:17Z ERR  BrokerServer] Catch exception during request
[2025-05-25 17:20:17Z ERR  BrokerServer] System.TimeoutException: The HTTP request timed out after 00:01:40.
 ---> System.Threading.Tasks.TaskCanceledException: The operation was canceled.
 ---> System.IO.IOException: Unable to read data from the transport connection: Operation canceled.
 ---> System.Net.Sockets.SocketException (89): Operation canceled
   --- End of inner exception stack trace ---
   at System.Net.Sockets.Socket.AwaitableSocketAsyncEventArgs.ThrowException(SocketError error, CancellationToken cancellationToken)
   at System.Net.Sockets.Socket.AwaitableSocketAsyncEventArgs.System.Threading.Tasks.Sources.IValueTaskSource<System.Int32>.GetResult(Int16 token)
   at System.Net.Security.SslStream.EnsureFullTlsFrameAsync[TIOAdapter](CancellationToken cancellationToken, Int32 estimatedSize)
   at System.Runtime.CompilerServices.PoolingAsyncValueTaskMethodBuilder`1.StateMachineBox`1.System.Threading.Tasks.Sources.IValueTaskSource<TResult>.GetResult(Int16 token)
   at System.Net.Security.SslStream.ReadAsyncInternal[TIOAdapter](Memory`1 buffer, CancellationToken cancellationToken)
   at System.Runtime.CompilerServices.PoolingAsyncValueTaskMethodBuilder`1.StateMachineBox`1.System.Threading.Tasks.Sources.IValueTaskSource<TResult>.GetResult(Int16 token)
   at System.Net.Http.HttpConnection.SendAsync(HttpRequestMessage request, Boolean async, CancellationToken cancellationToken)
   --- End of inner exception stack trace ---
   at System.Net.Http.HttpConnection.SendAsync(HttpRequestMessage request, Boolean async, CancellationToken cancellationToken)
   at System.Net.Http.AuthenticationHelper.SendWithNtAuthAsync(HttpRequestMessage request, Uri authUri, Boolean async, ICredentials credentials, Boolean isProxyAuth, HttpConnection connection, HttpConnectionPool connectionPool, CancellationToken cancellationToken)
   at System.Net.Http.HttpConnectionPool.SendWithVersionDetectionAndRetryAsync(HttpRequestMessage request, Boolean async, Boolean doRequestAuth, CancellationToken cancellationToken)
   at System.Net.Http.AuthenticationHelper.SendWithAuthAsync(HttpRequestMessage request, Uri authUri, Boolean async, ICredentials credentials, Boolean preAuthenticate, Boolean isProxyAuth, Boolean doRequestAuth, HttpConnectionPool pool, CancellationToken cancellationToken)
   at System.Net.Http.RedirectHandler.SendAsync(HttpRequestMessage request, Boolean async, CancellationToken cancellationToken)
   at GitHub.Services.Common.RawHttpMessageHandler.SendAsync(HttpRequestMessage request, CancellationToken cancellationToken)
   --- End of inner exception stack trace ---
   at GitHub.Services.Common.RawHttpMessageHandler.SendAsync(HttpRequestMessage request, CancellationToken cancellationToken)
   at GitHub.Services.Common.VssHttpRetryMessageHandler.SendAsync(HttpRequestMessage request, CancellationToken cancellationToken)
   at System.Net.Http.HttpClient.<SendAsync>g__Core|83_0(HttpRequestMessage request, HttpCompletionOption completionOption, CancellationTokenSource cts, Boolean disposeCts, CancellationTokenSource pendingRequestsCts, CancellationToken originalCancellationToken)
   at Sdk.WebApi.WebApi.RawHttpClientBase.SendAsync(HttpRequestMessage message, HttpCompletionOption completionOption, Object userState, CancellationToken cancellationToken)
   at Sdk.WebApi.WebApi.RawHttpClientBase.SendAsync[T](HttpRequestMessage message, Boolean readErrorBody, Object userState, CancellationToken cancellationToken)
   at Sdk.WebApi.WebApi.RawHttpClientBase.SendAsync[T](HttpMethod method, IEnumerable`1 additionalHeaders, Uri requestUri, HttpContent content, IEnumerable`1 queryParameters, Boolean readErrorBody, Object userState, CancellationToken cancellationToken)
   at GitHub.Actions.RunService.WebApi.BrokerHttpClient.GetRunnerMessageAsync(Nullable`1 sessionId, String runnerVersion, Nullable`1 status, String os, String architecture, Nullable`1 disableUpdate, CancellationToken cancellationToken)
   at GitHub.Runner.Common.BrokerServer.<>c__DisplayClass7_0.<<GetRunnerMessageAsync>b__0>d.MoveNext()
--- End of stack trace from previous location ---
   at GitHub.Runner.Common.RunnerService.RetryRequest[T](Func`1 func, CancellationToken cancellationToken, Int32 maxRetryAttemptsCount, Func`2 shouldRetry)
[2025-05-25 17:20:17Z ERR  BrokerServer] #####################################################
[2025-05-25 17:20:17Z ERR  BrokerServer] System.Threading.Tasks.TaskCanceledException: The operation was canceled.
 ---> System.IO.IOException: Unable to read data from the transport connection: Operation canceled.
 ---> System.Net.Sockets.SocketException (89): Operation canceled
   --- End of inner exception stack trace ---
   at System.Net.Sockets.Socket.AwaitableSocketAsyncEventArgs.ThrowException(SocketError error, CancellationToken cancellationToken)
   at System.Net.Sockets.Socket.AwaitableSocketAsyncEventArgs.System.Threading.Tasks.Sources.IValueTaskSource<System.Int32>.GetResult(Int16 token)
   at System.Net.Security.SslStream.EnsureFullTlsFrameAsync[TIOAdapter](CancellationToken cancellationToken, Int32 estimatedSize)
   at System.Runtime.CompilerServices.PoolingAsyncValueTaskMethodBuilder`1.StateMachineBox`1.System.Threading.Tasks.Sources.IValueTaskSource<TResult>.GetResult(Int16 token)
   at System.Net.Security.SslStream.ReadAsyncInternal[TIOAdapter](Memory`1 buffer, CancellationToken cancellationToken)
   at System.Runtime.CompilerServices.PoolingAsyncValueTaskMethodBuilder`1.StateMachineBox`1.System.Threading.Tasks.Sources.IValueTaskSource<TResult>.GetResult(Int16 token)
   at System.Net.Http.HttpConnection.SendAsync(HttpRequestMessage request, Boolean async, CancellationToken cancellationToken)
   --- End of inner exception stack trace ---
   at System.Net.Http.HttpConnection.SendAsync(HttpRequestMessage request, Boolean async, CancellationToken cancellationToken)
   at System.Net.Http.AuthenticationHelper.SendWithNtAuthAsync(HttpRequestMessage request, Uri authUri, Boolean async, ICredentials credentials, Boolean isProxyAuth, HttpConnection connection, HttpConnectionPool connectionPool, CancellationToken cancellationToken)
   at System.Net.Http.HttpConnectionPool.SendWithVersionDetectionAndRetryAsync(HttpRequestMessage request, Boolean async, Boolean doRequestAuth, CancellationToken cancellationToken)
   at System.Net.Http.AuthenticationHelper.SendWithAuthAsync(HttpRequestMessage request, Uri authUri, Boolean async, ICredentials credentials, Boolean preAuthenticate, Boolean isProxyAuth, Boolean doRequestAuth, HttpConnectionPool pool, CancellationToken cancellationToken)
   at System.Net.Http.RedirectHandler.SendAsync(HttpRequestMessage request, Boolean async, CancellationToken cancellationToken)
   at GitHub.Services.Common.RawHttpMessageHandler.SendAsync(HttpRequestMessage request, CancellationToken cancellationToken)
[2025-05-25 17:20:17Z ERR  BrokerServer] #####################################################
[2025-05-25 17:20:17Z ERR  BrokerServer] System.IO.IOException: Unable to read data from the transport connection: Operation canceled.
 ---> System.Net.Sockets.SocketException (89): Operation canceled
   --- End of inner exception stack trace ---
   at System.Net.Sockets.Socket.AwaitableSocketAsyncEventArgs.ThrowException(SocketError error, CancellationToken cancellationToken)
   at System.Net.Sockets.Socket.AwaitableSocketAsyncEventArgs.System.Threading.Tasks.Sources.IValueTaskSource<System.Int32>.GetResult(Int16 token)
   at System.Net.Security.SslStream.EnsureFullTlsFrameAsync[TIOAdapter](CancellationToken cancellationToken, Int32 estimatedSize)
   at System.Runtime.CompilerServices.PoolingAsyncValueTaskMethodBuilder`1.StateMachineBox`1.System.Threading.Tasks.Sources.IValueTaskSource<TResult>.GetResult(Int16 token)
   at System.Net.Security.SslStream.ReadAsyncInternal[TIOAdapter](Memory`1 buffer, CancellationToken cancellationToken)
   at System.Runtime.CompilerServices.PoolingAsyncValueTaskMethodBuilder`1.StateMachineBox`1.System.Threading.Tasks.Sources.IValueTaskSource<TResult>.GetResult(Int16 token)
   at System.Net.Http.HttpConnection.SendAsync(HttpRequestMessage request, Boolean async, CancellationToken cancellationToken)
[2025-05-25 17:20:17Z ERR  BrokerServer] #####################################################
[2025-05-25 17:20:17Z ERR  BrokerServer] System.Net.Sockets.SocketException (89): Operation canceled
[2025-05-25 17:20:17Z WARN BrokerServer] Back off 7.567 seconds before next retry. 4 attempt left.
