[2025-05-25 17:06:05Z INFO HostContext] No proxy settings were found based on environmental variables (http_proxy/https_proxy/HTTP_PROXY/HTTPS_PROXY)
[2025-05-25 17:06:05Z INFO HostContext] Well known directory 'Bin': '/Users/pushpendra/Development/Mobile/Practice/calculator-ios/actions-runner/bin'
[2025-05-25 17:06:05Z INFO HostContext] Well known directory 'Root': '/Users/pushpendra/Development/Mobile/Practice/calculator-ios/actions-runner'
[2025-05-25 17:06:05Z INFO HostContext] Well known config file 'Credentials': '/Users/pushpendra/Development/Mobile/Practice/calculator-ios/actions-runner/.credentials'
[2025-05-25 17:06:05Z INFO HostContext] Well known directory 'Bin': '/Users/pushpendra/Development/Mobile/Practice/calculator-ios/actions-runner/bin'
[2025-05-25 17:06:05Z INFO HostContext] Well known directory 'Root': '/Users/pushpendra/Development/Mobile/Practice/calculator-ios/actions-runner'
[2025-05-25 17:06:05Z INFO HostContext] Well known config file 'Runner': '/Users/pushpendra/Development/Mobile/Practice/calculator-ios/actions-runner/.runner'
[2025-05-25 17:06:05Z INFO Listener] Runner is built for OSX (Arm64) - osx-arm64.
[2025-05-25 17:06:05Z INFO Listener] RuntimeInformation: Darwin 24.5.0 Darwin Kernel Version 24.5.0: Tue Apr 22 19:54:25 PDT 2025; root:xnu-11417.121.6~2/RELEASE_ARM64_T6020.
[2025-05-25 17:06:05Z INFO Listener] Version: 2.324.0
[2025-05-25 17:06:05Z INFO Listener] Commit: da3412efd49b1cf1a0fbdcbcee4e4ac4cc2177c8
[2025-05-25 17:06:05Z INFO Listener] Culture: en-IN
[2025-05-25 17:06:05Z INFO Listener] UI Culture: en-IN
[2025-05-25 17:06:05Z INFO HostContext] Well known directory 'Bin': '/Users/pushpendra/Development/Mobile/Practice/calculator-ios/actions-runner/bin'
[2025-05-25 17:06:05Z INFO HostContext] Well known directory 'Root': '/Users/pushpendra/Development/Mobile/Practice/calculator-ios/actions-runner'
[2025-05-25 17:06:05Z INFO Listener] Validating directory permissions for: '/Users/pushpendra/Development/Mobile/Practice/calculator-ios/actions-runner'
[2025-05-25 17:06:05Z INFO CommandLineParser] Parse
[2025-05-25 17:06:05Z INFO CommandLineParser] Parsing 5 args
[2025-05-25 17:06:05Z INFO CommandLineParser] parsing argument
[2025-05-25 17:06:05Z INFO CommandLineParser] HasArgs: False
[2025-05-25 17:06:05Z INFO CommandLineParser] Adding Command: configure
[2025-05-25 17:06:05Z INFO CommandLineParser] parsing argument
[2025-05-25 17:06:05Z INFO CommandLineParser] HasArgs: True
[2025-05-25 17:06:05Z INFO CommandLineParser] arg: url
[2025-05-25 17:06:05Z INFO CommandLineParser] parsing argument
[2025-05-25 17:06:05Z INFO CommandLineParser] HasArgs: True
[2025-05-25 17:06:05Z INFO CommandLineParser] Adding option 'url': 'https://github.com/pushpendra996/calculator-ios'
[2025-05-25 17:06:05Z INFO CommandLineParser] parsing argument
[2025-05-25 17:06:05Z INFO CommandLineParser] HasArgs: True
[2025-05-25 17:06:05Z INFO CommandLineParser] arg: token
[2025-05-25 17:06:05Z INFO CommandLineParser] parsing argument
[2025-05-25 17:06:05Z INFO CommandLineParser] HasArgs: True
[2025-05-25 17:06:05Z INFO CommandLineParser] Adding option 'token': '***'
[2025-05-25 17:06:05Z INFO Listener] Arguments parsed
[2025-05-25 17:06:05Z INFO Runner] ExecuteCommand
[2025-05-25 17:06:05Z INFO ConfigurationStore] currentAssemblyLocation: /Users/pushpendra/Development/Mobile/Practice/calculator-ios/actions-runner/bin/Runner.Listener.dll
[2025-05-25 17:06:05Z INFO HostContext] Well known directory 'Bin': '/Users/pushpendra/Development/Mobile/Practice/calculator-ios/actions-runner/bin'
[2025-05-25 17:06:05Z INFO ConfigurationStore] binPath: /Users/pushpendra/Development/Mobile/Practice/calculator-ios/actions-runner/bin
[2025-05-25 17:06:05Z INFO HostContext] Well known directory 'Bin': '/Users/pushpendra/Development/Mobile/Practice/calculator-ios/actions-runner/bin'
[2025-05-25 17:06:05Z INFO HostContext] Well known directory 'Root': '/Users/pushpendra/Development/Mobile/Practice/calculator-ios/actions-runner'
[2025-05-25 17:06:05Z INFO ConfigurationStore] RootFolder: /Users/pushpendra/Development/Mobile/Practice/calculator-ios/actions-runner
[2025-05-25 17:06:05Z INFO HostContext] Well known directory 'Bin': '/Users/pushpendra/Development/Mobile/Practice/calculator-ios/actions-runner/bin'
[2025-05-25 17:06:05Z INFO HostContext] Well known directory 'Root': '/Users/pushpendra/Development/Mobile/Practice/calculator-ios/actions-runner'
[2025-05-25 17:06:05Z INFO HostContext] Well known config file 'Runner': '/Users/pushpendra/Development/Mobile/Practice/calculator-ios/actions-runner/.runner'
[2025-05-25 17:06:05Z INFO ConfigurationStore] ConfigFilePath: /Users/pushpendra/Development/Mobile/Practice/calculator-ios/actions-runner/.runner
[2025-05-25 17:06:05Z INFO HostContext] Well known directory 'Bin': '/Users/pushpendra/Development/Mobile/Practice/calculator-ios/actions-runner/bin'
[2025-05-25 17:06:05Z INFO HostContext] Well known directory 'Root': '/Users/pushpendra/Development/Mobile/Practice/calculator-ios/actions-runner'
[2025-05-25 17:06:05Z INFO HostContext] Well known config file 'MigratedRunner': '/Users/pushpendra/Development/Mobile/Practice/calculator-ios/actions-runner/.runner_migrated'
[2025-05-25 17:06:05Z INFO ConfigurationStore] MigratedConfigFilePath: /Users/pushpendra/Development/Mobile/Practice/calculator-ios/actions-runner/.runner_migrated
[2025-05-25 17:06:05Z INFO HostContext] Well known directory 'Bin': '/Users/pushpendra/Development/Mobile/Practice/calculator-ios/actions-runner/bin'
[2025-05-25 17:06:05Z INFO HostContext] Well known directory 'Root': '/Users/pushpendra/Development/Mobile/Practice/calculator-ios/actions-runner'
[2025-05-25 17:06:05Z INFO HostContext] Well known config file 'Credentials': '/Users/pushpendra/Development/Mobile/Practice/calculator-ios/actions-runner/.credentials'
[2025-05-25 17:06:05Z INFO ConfigurationStore] CredFilePath: /Users/pushpendra/Development/Mobile/Practice/calculator-ios/actions-runner/.credentials
[2025-05-25 17:06:05Z INFO HostContext] Well known directory 'Bin': '/Users/pushpendra/Development/Mobile/Practice/calculator-ios/actions-runner/bin'
[2025-05-25 17:06:05Z INFO HostContext] Well known directory 'Root': '/Users/pushpendra/Development/Mobile/Practice/calculator-ios/actions-runner'
[2025-05-25 17:06:05Z INFO HostContext] Well known config file 'MigratedCredentials': '/Users/pushpendra/Development/Mobile/Practice/calculator-ios/actions-runner/.credentials_migrated'
[2025-05-25 17:06:05Z INFO ConfigurationStore] MigratedCredFilePath: /Users/pushpendra/Development/Mobile/Practice/calculator-ios/actions-runner/.credentials_migrated
[2025-05-25 17:06:05Z INFO HostContext] Well known directory 'Bin': '/Users/pushpendra/Development/Mobile/Practice/calculator-ios/actions-runner/bin'
[2025-05-25 17:06:05Z INFO HostContext] Well known directory 'Root': '/Users/pushpendra/Development/Mobile/Practice/calculator-ios/actions-runner'
[2025-05-25 17:06:05Z INFO HostContext] Well known config file 'Service': '/Users/pushpendra/Development/Mobile/Practice/calculator-ios/actions-runner/.service'
[2025-05-25 17:06:05Z INFO ConfigurationStore] ServiceConfigFilePath: /Users/pushpendra/Development/Mobile/Practice/calculator-ios/actions-runner/.service
[2025-05-25 17:06:05Z INFO CommandSettings] Flag 'help': 'False'
[2025-05-25 17:06:05Z INFO CommandSettings] Flag 'version': 'False'
[2025-05-25 17:06:05Z INFO CommandSettings] Flag 'commit': 'False'
[2025-05-25 17:06:05Z INFO CommandSettings] Flag 'check': 'False'
[2025-05-25 17:06:05Z INFO CommandSettings] Command 'configure': 'True'
[2025-05-25 17:06:05Z INFO Terminal] WRITE LINE: 
[2025-05-25 17:06:05Z INFO Terminal] WRITE LINE: --------------------------------------------------------------------------------
[2025-05-25 17:06:05Z INFO Terminal] WRITE LINE: |        ____ _ _   _   _       _          _        _   _                      |
[2025-05-25 17:06:05Z INFO Terminal] WRITE LINE: |       / ___(_) |_| | | |_   _| |__      / \   ___| |_(_) ___  _ __  ___      |
[2025-05-25 17:06:05Z INFO Terminal] WRITE LINE: |      | |  _| | __| |_| | | | | '_ \    / _ \ / __| __| |/ _ \| '_ \/ __|     |
[2025-05-25 17:06:05Z INFO Terminal] WRITE LINE: |      | |_| | | |_|  _  | |_| | |_) |  / ___ \ (__| |_| | (_) | | | \__ \     |
[2025-05-25 17:06:05Z INFO Terminal] WRITE LINE: |       \____|_|\__|_| |_|\__,_|_.__/  /_/   \_\___|\__|_|\___/|_| |_|___/     |
[2025-05-25 17:06:05Z INFO Terminal] WRITE LINE: |                                                                              |
[2025-05-25 17:06:05Z INFO Terminal] WRITE: |                       
[2025-05-25 17:06:05Z INFO Terminal] WRITE: Self-hosted runner registration
[2025-05-25 17:06:05Z INFO Terminal] WRITE LINE:                         |
[2025-05-25 17:06:05Z INFO Terminal] WRITE LINE: |                                                                              |
[2025-05-25 17:06:05Z INFO Terminal] WRITE LINE: --------------------------------------------------------------------------------
[2025-05-25 17:06:05Z INFO ConfigurationManager] ConfigureAsync
[2025-05-25 17:06:05Z INFO CommandSettings] Flag 'generateServiceConfig': 'False'
[2025-05-25 17:06:05Z INFO ConfigurationStore] IsConfigured()
[2025-05-25 17:06:05Z INFO ConfigurationStore] IsConfigured: False
[2025-05-25 17:06:05Z INFO ConfigurationManager] Is configured: False
[2025-05-25 17:06:05Z INFO CommandSettings] Arg 'url': 'https://github.com/pushpendra996/calculator-ios'
[2025-05-25 17:06:05Z INFO CommandSettings] Remove url from Arg dictionary.
[2025-05-25 17:06:05Z INFO CommandSettings] Arg 'token': '***'
[2025-05-25 17:06:05Z INFO CommandSettings] Remove token from Arg dictionary.
[2025-05-25 17:06:06Z INFO ConfigurationManager] Http response code: OK from 'POST https://api.github.com/actions/runner-registration' (E807:18F127:781C3D:A64655:68334DFE)
[2025-05-25 17:06:06Z INFO ConfigurationManager] Using V2 flow: False
[2025-05-25 17:06:06Z INFO ConfigurationManager] cred retrieved via GitHub auth
[2025-05-25 17:06:06Z INFO RunnerServer] EstablishVssConnection
[2025-05-25 17:06:06Z INFO RunnerServer] Establish connection with 100 seconds timeout.
[2025-05-25 17:06:06Z INFO GitHubActionsService] Starting operation Location.GetConnectionData
[2025-05-25 17:06:06Z INFO RunnerServer] EstablishVssConnection
[2025-05-25 17:06:06Z INFO RunnerServer] Establish connection with 60 seconds timeout.
[2025-05-25 17:06:06Z INFO GitHubActionsService] Starting operation Location.GetConnectionData
[2025-05-25 17:06:06Z INFO RunnerServer] EstablishVssConnection
[2025-05-25 17:06:06Z INFO RunnerServer] Establish connection with 60 seconds timeout.
[2025-05-25 17:06:06Z INFO GitHubActionsService] Starting operation Location.GetConnectionData
[2025-05-25 17:06:07Z INFO GitHubActionsService] Finished operation Location.GetConnectionData
[2025-05-25 17:06:07Z INFO GitHubActionsService] Finished operation Location.GetConnectionData
[2025-05-25 17:06:07Z INFO GitHubActionsService] Finished operation Location.GetConnectionData
[2025-05-25 17:06:07Z INFO Terminal] WRITE LINE: 
[2025-05-25 17:06:07Z INFO ConfigurationManager] Test Connection complete.
[2025-05-25 17:06:07Z INFO HostContext] Well known directory 'Bin': '/Users/pushpendra/Development/Mobile/Practice/calculator-ios/actions-runner/bin'
[2025-05-25 17:06:07Z INFO HostContext] Well known directory 'Root': '/Users/pushpendra/Development/Mobile/Practice/calculator-ios/actions-runner'
[2025-05-25 17:06:07Z INFO HostContext] Well known config file 'RSACredentials': '/Users/pushpendra/Development/Mobile/Practice/calculator-ios/actions-runner/.credentials_rsaparams'
[2025-05-25 17:06:07Z INFO RSAFileKeyManager] Found existing RSA key parameters file /Users/pushpendra/Development/Mobile/Practice/calculator-ios/actions-runner/.credentials_rsaparams
[2025-05-25 17:06:08Z INFO CommandSettings] Arg 'runnergroup': ''
[2025-05-25 17:06:08Z INFO CommandSettings] Flag 'unattended': 'False'
[2025-05-25 17:06:08Z INFO PromptManager] ReadValue
[2025-05-25 17:06:08Z INFO Terminal] WRITE: Enter the name of the runner group to add this runner to: 
[2025-05-25 17:06:08Z INFO Terminal] WRITE: [press Enter for Default] 
[2025-05-25 17:06:08Z INFO Terminal] READ LINE
[2025-05-25 17:06:18Z INFO Terminal] Read value: 'mac-runner'
[2025-05-25 17:06:18Z INFO Terminal] WRITE LINE: 
[2025-05-25 17:06:18Z ERR  Runner] GitHub.DistributedTask.WebApi.TaskAgentPoolNotFoundException: Could not find any self-hosted runner group named "mac-runner".
   at GitHub.Runner.Listener.Configuration.ConfigurationManager.ConfigureAsync(CommandSettings command)
   at GitHub.Runner.Listener.Runner.ExecuteCommand(CommandSettings command)
[2025-05-25 17:06:18Z ERR  Terminal] WRITE ERROR: Could not find any self-hosted runner group named "mac-runner".
[2025-05-25 17:06:18Z INFO Listener] Runner execution has finished with return code 1
