[2025-05-25 17:05:17Z INFO HostContext] No proxy settings were found based on environmental variables (http_proxy/https_proxy/HTTP_PROXY/HTTPS_PROXY)
[2025-05-25 17:05:17Z INFO HostContext] Well known directory 'Bin': '/Users/pushpendra/Development/Mobile/Practice/calculator-ios/actions-runner/bin'
[2025-05-25 17:05:17Z INFO HostContext] Well known directory 'Root': '/Users/pushpendra/Development/Mobile/Practice/calculator-ios/actions-runner'
[2025-05-25 17:05:17Z INFO HostContext] Well known config file 'Credentials': '/Users/pushpendra/Development/Mobile/Practice/calculator-ios/actions-runner/.credentials'
[2025-05-25 17:05:17Z INFO HostContext] Well known directory 'Bin': '/Users/pushpendra/Development/Mobile/Practice/calculator-ios/actions-runner/bin'
[2025-05-25 17:05:17Z INFO HostContext] Well known directory 'Root': '/Users/pushpendra/Development/Mobile/Practice/calculator-ios/actions-runner'
[2025-05-25 17:05:17Z INFO HostContext] Well known config file 'Runner': '/Users/pushpendra/Development/Mobile/Practice/calculator-ios/actions-runner/.runner'
[2025-05-25 17:05:17Z INFO Listener] Runner is built for OSX (Arm64) - osx-arm64.
[2025-05-25 17:05:17Z INFO Listener] RuntimeInformation: Darwin 24.5.0 Darwin Kernel Version 24.5.0: Tue Apr 22 19:54:25 PDT 2025; root:xnu-11417.121.6~2/RELEASE_ARM64_T6020.
[2025-05-25 17:05:17Z INFO Listener] Version: 2.324.0
[2025-05-25 17:05:17Z INFO Listener] Commit: da3412efd49b1cf1a0fbdcbcee4e4ac4cc2177c8
[2025-05-25 17:05:17Z INFO Listener] Culture: en-IN
[2025-05-25 17:05:17Z INFO Listener] UI Culture: en-IN
[2025-05-25 17:05:17Z INFO HostContext] Well known directory 'Bin': '/Users/pushpendra/Development/Mobile/Practice/calculator-ios/actions-runner/bin'
[2025-05-25 17:05:17Z INFO HostContext] Well known directory 'Root': '/Users/pushpendra/Development/Mobile/Practice/calculator-ios/actions-runner'
[2025-05-25 17:05:17Z INFO Listener] Validating directory permissions for: '/Users/pushpendra/Development/Mobile/Practice/calculator-ios/actions-runner'
[2025-05-25 17:05:17Z INFO CommandLineParser] Parse
[2025-05-25 17:05:17Z INFO CommandLineParser] Parsing 5 args
[2025-05-25 17:05:17Z INFO CommandLineParser] parsing argument
[2025-05-25 17:05:17Z INFO CommandLineParser] HasArgs: False
[2025-05-25 17:05:17Z INFO CommandLineParser] Adding Command: configure
[2025-05-25 17:05:17Z INFO CommandLineParser] parsing argument
[2025-05-25 17:05:17Z INFO CommandLineParser] HasArgs: True
[2025-05-25 17:05:17Z INFO CommandLineParser] arg: url
[2025-05-25 17:05:17Z INFO CommandLineParser] parsing argument
[2025-05-25 17:05:17Z INFO CommandLineParser] HasArgs: True
[2025-05-25 17:05:17Z INFO CommandLineParser] Adding option 'url': 'https://github.com/pushpendra996/calculator-ios'
[2025-05-25 17:05:17Z INFO CommandLineParser] parsing argument
[2025-05-25 17:05:17Z INFO CommandLineParser] HasArgs: True
[2025-05-25 17:05:17Z INFO CommandLineParser] arg: token
[2025-05-25 17:05:17Z INFO CommandLineParser] parsing argument
[2025-05-25 17:05:17Z INFO CommandLineParser] HasArgs: True
[2025-05-25 17:05:17Z INFO CommandLineParser] Adding option 'token': '***'
[2025-05-25 17:05:17Z INFO Listener] Arguments parsed
[2025-05-25 17:05:17Z INFO Runner] ExecuteCommand
[2025-05-25 17:05:17Z INFO ConfigurationStore] currentAssemblyLocation: /Users/pushpendra/Development/Mobile/Practice/calculator-ios/actions-runner/bin/Runner.Listener.dll
[2025-05-25 17:05:17Z INFO HostContext] Well known directory 'Bin': '/Users/pushpendra/Development/Mobile/Practice/calculator-ios/actions-runner/bin'
[2025-05-25 17:05:17Z INFO ConfigurationStore] binPath: /Users/pushpendra/Development/Mobile/Practice/calculator-ios/actions-runner/bin
[2025-05-25 17:05:17Z INFO HostContext] Well known directory 'Bin': '/Users/pushpendra/Development/Mobile/Practice/calculator-ios/actions-runner/bin'
[2025-05-25 17:05:17Z INFO HostContext] Well known directory 'Root': '/Users/pushpendra/Development/Mobile/Practice/calculator-ios/actions-runner'
[2025-05-25 17:05:17Z INFO ConfigurationStore] RootFolder: /Users/pushpendra/Development/Mobile/Practice/calculator-ios/actions-runner
[2025-05-25 17:05:17Z INFO HostContext] Well known directory 'Bin': '/Users/pushpendra/Development/Mobile/Practice/calculator-ios/actions-runner/bin'
[2025-05-25 17:05:17Z INFO HostContext] Well known directory 'Root': '/Users/pushpendra/Development/Mobile/Practice/calculator-ios/actions-runner'
[2025-05-25 17:05:17Z INFO HostContext] Well known config file 'Runner': '/Users/pushpendra/Development/Mobile/Practice/calculator-ios/actions-runner/.runner'
[2025-05-25 17:05:17Z INFO ConfigurationStore] ConfigFilePath: /Users/pushpendra/Development/Mobile/Practice/calculator-ios/actions-runner/.runner
[2025-05-25 17:05:17Z INFO HostContext] Well known directory 'Bin': '/Users/pushpendra/Development/Mobile/Practice/calculator-ios/actions-runner/bin'
[2025-05-25 17:05:17Z INFO HostContext] Well known directory 'Root': '/Users/pushpendra/Development/Mobile/Practice/calculator-ios/actions-runner'
[2025-05-25 17:05:17Z INFO HostContext] Well known config file 'MigratedRunner': '/Users/pushpendra/Development/Mobile/Practice/calculator-ios/actions-runner/.runner_migrated'
[2025-05-25 17:05:17Z INFO ConfigurationStore] MigratedConfigFilePath: /Users/pushpendra/Development/Mobile/Practice/calculator-ios/actions-runner/.runner_migrated
[2025-05-25 17:05:17Z INFO HostContext] Well known directory 'Bin': '/Users/pushpendra/Development/Mobile/Practice/calculator-ios/actions-runner/bin'
[2025-05-25 17:05:17Z INFO HostContext] Well known directory 'Root': '/Users/pushpendra/Development/Mobile/Practice/calculator-ios/actions-runner'
[2025-05-25 17:05:17Z INFO HostContext] Well known config file 'Credentials': '/Users/pushpendra/Development/Mobile/Practice/calculator-ios/actions-runner/.credentials'
[2025-05-25 17:05:17Z INFO ConfigurationStore] CredFilePath: /Users/pushpendra/Development/Mobile/Practice/calculator-ios/actions-runner/.credentials
[2025-05-25 17:05:17Z INFO HostContext] Well known directory 'Bin': '/Users/pushpendra/Development/Mobile/Practice/calculator-ios/actions-runner/bin'
[2025-05-25 17:05:17Z INFO HostContext] Well known directory 'Root': '/Users/pushpendra/Development/Mobile/Practice/calculator-ios/actions-runner'
[2025-05-25 17:05:17Z INFO HostContext] Well known config file 'MigratedCredentials': '/Users/pushpendra/Development/Mobile/Practice/calculator-ios/actions-runner/.credentials_migrated'
[2025-05-25 17:05:17Z INFO ConfigurationStore] MigratedCredFilePath: /Users/pushpendra/Development/Mobile/Practice/calculator-ios/actions-runner/.credentials_migrated
[2025-05-25 17:05:17Z INFO HostContext] Well known directory 'Bin': '/Users/pushpendra/Development/Mobile/Practice/calculator-ios/actions-runner/bin'
[2025-05-25 17:05:17Z INFO HostContext] Well known directory 'Root': '/Users/pushpendra/Development/Mobile/Practice/calculator-ios/actions-runner'
[2025-05-25 17:05:17Z INFO HostContext] Well known config file 'Service': '/Users/pushpendra/Development/Mobile/Practice/calculator-ios/actions-runner/.service'
[2025-05-25 17:05:17Z INFO ConfigurationStore] ServiceConfigFilePath: /Users/pushpendra/Development/Mobile/Practice/calculator-ios/actions-runner/.service
[2025-05-25 17:05:17Z INFO CommandSettings] Flag 'help': 'False'
[2025-05-25 17:05:17Z INFO CommandSettings] Flag 'version': 'False'
[2025-05-25 17:05:17Z INFO CommandSettings] Flag 'commit': 'False'
[2025-05-25 17:05:17Z INFO CommandSettings] Flag 'check': 'False'
[2025-05-25 17:05:17Z INFO CommandSettings] Command 'configure': 'True'
[2025-05-25 17:05:17Z INFO Terminal] WRITE LINE: 
[2025-05-25 17:05:17Z INFO Terminal] WRITE LINE: --------------------------------------------------------------------------------
[2025-05-25 17:05:17Z INFO Terminal] WRITE LINE: |        ____ _ _   _   _       _          _        _   _                      |
[2025-05-25 17:05:17Z INFO Terminal] WRITE LINE: |       / ___(_) |_| | | |_   _| |__      / \   ___| |_(_) ___  _ __  ___      |
[2025-05-25 17:05:17Z INFO Terminal] WRITE LINE: |      | |  _| | __| |_| | | | | '_ \    / _ \ / __| __| |/ _ \| '_ \/ __|     |
[2025-05-25 17:05:17Z INFO Terminal] WRITE LINE: |      | |_| | | |_|  _  | |_| | |_) |  / ___ \ (__| |_| | (_) | | | \__ \     |
[2025-05-25 17:05:17Z INFO Terminal] WRITE LINE: |       \____|_|\__|_| |_|\__,_|_.__/  /_/   \_\___|\__|_|\___/|_| |_|___/     |
[2025-05-25 17:05:17Z INFO Terminal] WRITE LINE: |                                                                              |
[2025-05-25 17:05:17Z INFO Terminal] WRITE: |                       
[2025-05-25 17:05:17Z INFO Terminal] WRITE: Self-hosted runner registration
[2025-05-25 17:05:17Z INFO Terminal] WRITE LINE:                         |
[2025-05-25 17:05:17Z INFO Terminal] WRITE LINE: |                                                                              |
[2025-05-25 17:05:17Z INFO Terminal] WRITE LINE: --------------------------------------------------------------------------------
[2025-05-25 17:05:17Z INFO ConfigurationManager] ConfigureAsync
[2025-05-25 17:05:17Z INFO CommandSettings] Flag 'generateServiceConfig': 'False'
[2025-05-25 17:05:17Z INFO ConfigurationStore] IsConfigured()
[2025-05-25 17:05:17Z INFO ConfigurationStore] IsConfigured: False
[2025-05-25 17:05:17Z INFO ConfigurationManager] Is configured: False
[2025-05-25 17:05:17Z INFO CommandSettings] Arg 'url': 'https://github.com/pushpendra996/calculator-ios'
[2025-05-25 17:05:17Z INFO CommandSettings] Remove url from Arg dictionary.
[2025-05-25 17:05:17Z INFO CommandSettings] Arg 'token': '***'
[2025-05-25 17:05:17Z INFO CommandSettings] Remove token from Arg dictionary.
[2025-05-25 17:05:18Z INFO ConfigurationManager] Http response code: OK from 'POST https://api.github.com/actions/runner-registration' (E801:1B76CD:7A1D4A:A84329:68334DCD)
[2025-05-25 17:05:18Z INFO ConfigurationManager] Using V2 flow: False
[2025-05-25 17:05:18Z INFO ConfigurationManager] cred retrieved via GitHub auth
[2025-05-25 17:05:18Z INFO RunnerServer] EstablishVssConnection
[2025-05-25 17:05:18Z INFO RunnerServer] Establish connection with 100 seconds timeout.
[2025-05-25 17:05:18Z INFO GitHubActionsService] Starting operation Location.GetConnectionData
[2025-05-25 17:05:18Z INFO RunnerServer] EstablishVssConnection
[2025-05-25 17:05:18Z INFO RunnerServer] Establish connection with 60 seconds timeout.
[2025-05-25 17:05:18Z INFO GitHubActionsService] Starting operation Location.GetConnectionData
[2025-05-25 17:05:18Z INFO RunnerServer] EstablishVssConnection
[2025-05-25 17:05:18Z INFO RunnerServer] Establish connection with 60 seconds timeout.
[2025-05-25 17:05:18Z INFO GitHubActionsService] Starting operation Location.GetConnectionData
[2025-05-25 17:05:20Z INFO GitHubActionsService] Finished operation Location.GetConnectionData
[2025-05-25 17:05:20Z INFO GitHubActionsService] Finished operation Location.GetConnectionData
[2025-05-25 17:05:20Z INFO GitHubActionsService] Finished operation Location.GetConnectionData
[2025-05-25 17:05:20Z INFO Terminal] WRITE LINE: 
[2025-05-25 17:05:20Z INFO ConfigurationManager] Test Connection complete.
[2025-05-25 17:05:20Z INFO HostContext] Well known directory 'Bin': '/Users/pushpendra/Development/Mobile/Practice/calculator-ios/actions-runner/bin'
[2025-05-25 17:05:20Z INFO HostContext] Well known directory 'Root': '/Users/pushpendra/Development/Mobile/Practice/calculator-ios/actions-runner'
[2025-05-25 17:05:20Z INFO HostContext] Well known config file 'RSACredentials': '/Users/pushpendra/Development/Mobile/Practice/calculator-ios/actions-runner/.credentials_rsaparams'
[2025-05-25 17:05:20Z INFO RSAFileKeyManager] Creating new RSA key using 2048-bit key length
[2025-05-25 17:05:20Z INFO RSAFileKeyManager] Successfully saved RSA key parameters to file /Users/pushpendra/Development/Mobile/Practice/calculator-ios/actions-runner/.credentials_rsaparams
[2025-05-25 17:05:20Z INFO RSAFileKeyManager] Which2: 'chmod'
[2025-05-25 17:05:20Z INFO RSAFileKeyManager] Location: '/bin/chmod'
[2025-05-25 17:05:20Z INFO HostContext] Well known directory 'Bin': '/Users/pushpendra/Development/Mobile/Practice/calculator-ios/actions-runner/bin'
[2025-05-25 17:05:20Z INFO HostContext] Well known directory 'Root': '/Users/pushpendra/Development/Mobile/Practice/calculator-ios/actions-runner'
[2025-05-25 17:05:20Z INFO ProcessInvokerWrapper] Starting process:
[2025-05-25 17:05:20Z INFO ProcessInvokerWrapper]   File name: '/bin/chmod'
[2025-05-25 17:05:20Z INFO ProcessInvokerWrapper]   Arguments: '600 /Users/pushpendra/Development/Mobile/Practice/calculator-ios/actions-runner/.credentials_rsaparams'
[2025-05-25 17:05:20Z INFO ProcessInvokerWrapper]   Working directory: '/Users/pushpendra/Development/Mobile/Practice/calculator-ios/actions-runner'
[2025-05-25 17:05:20Z INFO ProcessInvokerWrapper]   Require exit code zero: 'False'
[2025-05-25 17:05:20Z INFO ProcessInvokerWrapper]   Encoding web name:  ; code page: ''
[2025-05-25 17:05:20Z INFO ProcessInvokerWrapper]   Force kill process on cancellation: 'False'
[2025-05-25 17:05:20Z INFO ProcessInvokerWrapper]   Redirected STDIN: 'False'
[2025-05-25 17:05:20Z INFO ProcessInvokerWrapper]   Persist current code page: 'False'
[2025-05-25 17:05:20Z INFO ProcessInvokerWrapper]   Keep redirected STDIN open: 'False'
[2025-05-25 17:05:20Z INFO ProcessInvokerWrapper]   High priority process: 'False'
[2025-05-25 17:05:20Z INFO ProcessInvokerWrapper] Process started with process id 19043, waiting for process exit.
[2025-05-25 17:05:20Z INFO ProcessInvokerWrapper] STDOUT/STDERR stream read finished.
[2025-05-25 17:05:20Z INFO ProcessInvokerWrapper] STDOUT/STDERR stream read finished.
[2025-05-25 17:05:20Z INFO ProcessInvokerWrapper] Finished process 19043 with exit code 0, and elapsed time 00:00:00.1430222.
[2025-05-25 17:05:20Z INFO RSAFileKeyManager] Successfully set permissions for RSA key parameters file /Users/pushpendra/Development/Mobile/Practice/calculator-ios/actions-runner/.credentials_rsaparams
[2025-05-25 17:05:20Z INFO CommandSettings] Arg 'runnergroup': ''
[2025-05-25 17:05:20Z INFO CommandSettings] Flag 'unattended': 'False'
[2025-05-25 17:05:20Z INFO PromptManager] ReadValue
[2025-05-25 17:05:20Z INFO Terminal] WRITE: Enter the name of the runner group to add this runner to: 
[2025-05-25 17:05:20Z INFO Terminal] WRITE: [press Enter for Default] 
[2025-05-25 17:05:20Z INFO Terminal] READ LINE
[2025-05-25 17:05:40Z INFO Terminal] Read value: 'mac-runner'
[2025-05-25 17:05:40Z INFO Terminal] WRITE LINE: 
[2025-05-25 17:05:40Z ERR  Runner] GitHub.DistributedTask.WebApi.TaskAgentPoolNotFoundException: Could not find any self-hosted runner group named "mac-runner".
   at GitHub.Runner.Listener.Configuration.ConfigurationManager.ConfigureAsync(CommandSettings command)
   at GitHub.Runner.Listener.Runner.ExecuteCommand(CommandSettings command)
[2025-05-25 17:05:40Z ERR  Terminal] WRITE ERROR: Could not find any self-hosted runner group named "mac-runner".
[2025-05-25 17:05:40Z INFO Listener] Runner execution has finished with return code 1
