[2025-05-25 17:07:46Z INFO HostContext] No proxy settings were found based on environmental variables (http_proxy/https_proxy/HTTP_PROXY/HTTPS_PROXY)
[2025-05-25 17:07:46Z INFO HostContext] Well known directory 'Bin': '/Users/pushpendra/Development/Mobile/Practice/calculator-ios/actions-runner/bin'
[2025-05-25 17:07:46Z INFO HostContext] Well known directory 'Root': '/Users/pushpendra/Development/Mobile/Practice/calculator-ios/actions-runner'
[2025-05-25 17:07:46Z INFO HostContext] Well known config file 'Credentials': '/Users/pushpendra/Development/Mobile/Practice/calculator-ios/actions-runner/.credentials'
[2025-05-25 17:07:46Z INFO HostContext] Well known directory 'Bin': '/Users/pushpendra/Development/Mobile/Practice/calculator-ios/actions-runner/bin'
[2025-05-25 17:07:46Z INFO HostContext] Well known directory 'Root': '/Users/pushpendra/Development/Mobile/Practice/calculator-ios/actions-runner'
[2025-05-25 17:07:46Z INFO HostContext] Well known config file 'Runner': '/Users/pushpendra/Development/Mobile/Practice/calculator-ios/actions-runner/.runner'
[2025-05-25 17:07:46Z INFO Listener] Runner is built for OSX (Arm64) - osx-arm64.
[2025-05-25 17:07:46Z INFO Listener] RuntimeInformation: Darwin 24.5.0 Darwin Kernel Version 24.5.0: Tue Apr 22 19:54:25 PDT 2025; root:xnu-11417.121.6~2/RELEASE_ARM64_T6020.
[2025-05-25 17:07:46Z INFO Listener] Version: 2.324.0
[2025-05-25 17:07:46Z INFO Listener] Commit: da3412efd49b1cf1a0fbdcbcee4e4ac4cc2177c8
[2025-05-25 17:07:46Z INFO Listener] Culture: en-IN
[2025-05-25 17:07:46Z INFO Listener] UI Culture: en-IN
[2025-05-25 17:07:46Z INFO HostContext] Well known directory 'Bin': '/Users/pushpendra/Development/Mobile/Practice/calculator-ios/actions-runner/bin'
[2025-05-25 17:07:46Z INFO HostContext] Well known directory 'Root': '/Users/pushpendra/Development/Mobile/Practice/calculator-ios/actions-runner'
[2025-05-25 17:07:46Z INFO Listener] Validating directory permissions for: '/Users/pushpendra/Development/Mobile/Practice/calculator-ios/actions-runner'
[2025-05-25 17:07:46Z INFO CommandLineParser] Parse
[2025-05-25 17:07:46Z INFO CommandLineParser] Parsing 5 args
[2025-05-25 17:07:46Z INFO CommandLineParser] parsing argument
[2025-05-25 17:07:46Z INFO CommandLineParser] HasArgs: False
[2025-05-25 17:07:46Z INFO CommandLineParser] Adding Command: configure
[2025-05-25 17:07:46Z INFO CommandLineParser] parsing argument
[2025-05-25 17:07:46Z INFO CommandLineParser] HasArgs: True
[2025-05-25 17:07:46Z INFO CommandLineParser] arg: url
[2025-05-25 17:07:46Z INFO CommandLineParser] parsing argument
[2025-05-25 17:07:46Z INFO CommandLineParser] HasArgs: True
[2025-05-25 17:07:46Z INFO CommandLineParser] Adding option 'url': 'https://github.com/pushpendra996/calculator-ios'
[2025-05-25 17:07:46Z INFO CommandLineParser] parsing argument
[2025-05-25 17:07:46Z INFO CommandLineParser] HasArgs: True
[2025-05-25 17:07:46Z INFO CommandLineParser] arg: token
[2025-05-25 17:07:46Z INFO CommandLineParser] parsing argument
[2025-05-25 17:07:46Z INFO CommandLineParser] HasArgs: True
[2025-05-25 17:07:46Z INFO CommandLineParser] Adding option 'token': '***'
[2025-05-25 17:07:46Z INFO Listener] Arguments parsed
[2025-05-25 17:07:46Z INFO Runner] ExecuteCommand
[2025-05-25 17:07:46Z INFO ConfigurationStore] currentAssemblyLocation: /Users/pushpendra/Development/Mobile/Practice/calculator-ios/actions-runner/bin/Runner.Listener.dll
[2025-05-25 17:07:46Z INFO HostContext] Well known directory 'Bin': '/Users/pushpendra/Development/Mobile/Practice/calculator-ios/actions-runner/bin'
[2025-05-25 17:07:46Z INFO ConfigurationStore] binPath: /Users/pushpendra/Development/Mobile/Practice/calculator-ios/actions-runner/bin
[2025-05-25 17:07:46Z INFO HostContext] Well known directory 'Bin': '/Users/pushpendra/Development/Mobile/Practice/calculator-ios/actions-runner/bin'
[2025-05-25 17:07:46Z INFO HostContext] Well known directory 'Root': '/Users/pushpendra/Development/Mobile/Practice/calculator-ios/actions-runner'
[2025-05-25 17:07:46Z INFO ConfigurationStore] RootFolder: /Users/pushpendra/Development/Mobile/Practice/calculator-ios/actions-runner
[2025-05-25 17:07:46Z INFO HostContext] Well known directory 'Bin': '/Users/pushpendra/Development/Mobile/Practice/calculator-ios/actions-runner/bin'
[2025-05-25 17:07:46Z INFO HostContext] Well known directory 'Root': '/Users/pushpendra/Development/Mobile/Practice/calculator-ios/actions-runner'
[2025-05-25 17:07:46Z INFO HostContext] Well known config file 'Runner': '/Users/pushpendra/Development/Mobile/Practice/calculator-ios/actions-runner/.runner'
[2025-05-25 17:07:46Z INFO ConfigurationStore] ConfigFilePath: /Users/pushpendra/Development/Mobile/Practice/calculator-ios/actions-runner/.runner
[2025-05-25 17:07:46Z INFO HostContext] Well known directory 'Bin': '/Users/pushpendra/Development/Mobile/Practice/calculator-ios/actions-runner/bin'
[2025-05-25 17:07:46Z INFO HostContext] Well known directory 'Root': '/Users/pushpendra/Development/Mobile/Practice/calculator-ios/actions-runner'
[2025-05-25 17:07:46Z INFO HostContext] Well known config file 'MigratedRunner': '/Users/pushpendra/Development/Mobile/Practice/calculator-ios/actions-runner/.runner_migrated'
[2025-05-25 17:07:46Z INFO ConfigurationStore] MigratedConfigFilePath: /Users/pushpendra/Development/Mobile/Practice/calculator-ios/actions-runner/.runner_migrated
[2025-05-25 17:07:46Z INFO HostContext] Well known directory 'Bin': '/Users/pushpendra/Development/Mobile/Practice/calculator-ios/actions-runner/bin'
[2025-05-25 17:07:46Z INFO HostContext] Well known directory 'Root': '/Users/pushpendra/Development/Mobile/Practice/calculator-ios/actions-runner'
[2025-05-25 17:07:46Z INFO HostContext] Well known config file 'Credentials': '/Users/pushpendra/Development/Mobile/Practice/calculator-ios/actions-runner/.credentials'
[2025-05-25 17:07:46Z INFO ConfigurationStore] CredFilePath: /Users/pushpendra/Development/Mobile/Practice/calculator-ios/actions-runner/.credentials
[2025-05-25 17:07:46Z INFO HostContext] Well known directory 'Bin': '/Users/pushpendra/Development/Mobile/Practice/calculator-ios/actions-runner/bin'
[2025-05-25 17:07:46Z INFO HostContext] Well known directory 'Root': '/Users/pushpendra/Development/Mobile/Practice/calculator-ios/actions-runner'
[2025-05-25 17:07:46Z INFO HostContext] Well known config file 'MigratedCredentials': '/Users/pushpendra/Development/Mobile/Practice/calculator-ios/actions-runner/.credentials_migrated'
[2025-05-25 17:07:46Z INFO ConfigurationStore] MigratedCredFilePath: /Users/pushpendra/Development/Mobile/Practice/calculator-ios/actions-runner/.credentials_migrated
[2025-05-25 17:07:46Z INFO HostContext] Well known directory 'Bin': '/Users/pushpendra/Development/Mobile/Practice/calculator-ios/actions-runner/bin'
[2025-05-25 17:07:46Z INFO HostContext] Well known directory 'Root': '/Users/pushpendra/Development/Mobile/Practice/calculator-ios/actions-runner'
[2025-05-25 17:07:46Z INFO HostContext] Well known config file 'Service': '/Users/pushpendra/Development/Mobile/Practice/calculator-ios/actions-runner/.service'
[2025-05-25 17:07:46Z INFO ConfigurationStore] ServiceConfigFilePath: /Users/pushpendra/Development/Mobile/Practice/calculator-ios/actions-runner/.service
[2025-05-25 17:07:46Z INFO CommandSettings] Flag 'help': 'False'
[2025-05-25 17:07:46Z INFO CommandSettings] Flag 'version': 'False'
[2025-05-25 17:07:46Z INFO CommandSettings] Flag 'commit': 'False'
[2025-05-25 17:07:46Z INFO CommandSettings] Flag 'check': 'False'
[2025-05-25 17:07:46Z INFO CommandSettings] Command 'configure': 'True'
[2025-05-25 17:07:46Z INFO Terminal] WRITE LINE: 
[2025-05-25 17:07:46Z INFO Terminal] WRITE LINE: --------------------------------------------------------------------------------
[2025-05-25 17:07:46Z INFO Terminal] WRITE LINE: |        ____ _ _   _   _       _          _        _   _                      |
[2025-05-25 17:07:46Z INFO Terminal] WRITE LINE: |       / ___(_) |_| | | |_   _| |__      / \   ___| |_(_) ___  _ __  ___      |
[2025-05-25 17:07:46Z INFO Terminal] WRITE LINE: |      | |  _| | __| |_| | | | | '_ \    / _ \ / __| __| |/ _ \| '_ \/ __|     |
[2025-05-25 17:07:46Z INFO Terminal] WRITE LINE: |      | |_| | | |_|  _  | |_| | |_) |  / ___ \ (__| |_| | (_) | | | \__ \     |
[2025-05-25 17:07:46Z INFO Terminal] WRITE LINE: |       \____|_|\__|_| |_|\__,_|_.__/  /_/   \_\___|\__|_|\___/|_| |_|___/     |
[2025-05-25 17:07:46Z INFO Terminal] WRITE LINE: |                                                                              |
[2025-05-25 17:07:46Z INFO Terminal] WRITE: |                       
[2025-05-25 17:07:46Z INFO Terminal] WRITE: Self-hosted runner registration
[2025-05-25 17:07:46Z INFO Terminal] WRITE LINE:                         |
[2025-05-25 17:07:46Z INFO Terminal] WRITE LINE: |                                                                              |
[2025-05-25 17:07:46Z INFO Terminal] WRITE LINE: --------------------------------------------------------------------------------
[2025-05-25 17:07:46Z INFO ConfigurationManager] ConfigureAsync
[2025-05-25 17:07:46Z INFO CommandSettings] Flag 'generateServiceConfig': 'False'
[2025-05-25 17:07:46Z INFO ConfigurationStore] IsConfigured()
[2025-05-25 17:07:46Z INFO ConfigurationStore] IsConfigured: False
[2025-05-25 17:07:46Z INFO ConfigurationManager] Is configured: False
[2025-05-25 17:07:46Z INFO CommandSettings] Arg 'url': 'https://github.com/pushpendra996/calculator-ios'
[2025-05-25 17:07:46Z INFO CommandSettings] Remove url from Arg dictionary.
[2025-05-25 17:07:46Z INFO CommandSettings] Arg 'token': '***'
[2025-05-25 17:07:46Z INFO CommandSettings] Remove token from Arg dictionary.
[2025-05-25 17:07:47Z INFO ConfigurationManager] Http response code: OK from 'POST https://api.github.com/actions/runner-registration' (E812:24B50E:7A765D:A8ABA9:68334E62)
[2025-05-25 17:07:47Z INFO ConfigurationManager] Using V2 flow: False
[2025-05-25 17:07:47Z INFO ConfigurationManager] cred retrieved via GitHub auth
[2025-05-25 17:07:47Z INFO RunnerServer] EstablishVssConnection
[2025-05-25 17:07:47Z INFO RunnerServer] Establish connection with 100 seconds timeout.
[2025-05-25 17:07:47Z INFO GitHubActionsService] Starting operation Location.GetConnectionData
[2025-05-25 17:07:47Z INFO RunnerServer] EstablishVssConnection
[2025-05-25 17:07:47Z INFO RunnerServer] Establish connection with 60 seconds timeout.
[2025-05-25 17:07:47Z INFO GitHubActionsService] Starting operation Location.GetConnectionData
[2025-05-25 17:07:47Z INFO RunnerServer] EstablishVssConnection
[2025-05-25 17:07:47Z INFO RunnerServer] Establish connection with 60 seconds timeout.
[2025-05-25 17:07:47Z INFO GitHubActionsService] Starting operation Location.GetConnectionData
[2025-05-25 17:07:48Z INFO GitHubActionsService] Finished operation Location.GetConnectionData
[2025-05-25 17:07:48Z INFO GitHubActionsService] Finished operation Location.GetConnectionData
[2025-05-25 17:07:48Z INFO GitHubActionsService] Finished operation Location.GetConnectionData
[2025-05-25 17:07:48Z INFO Terminal] WRITE LINE: 
[2025-05-25 17:07:48Z INFO ConfigurationManager] Test Connection complete.
[2025-05-25 17:07:48Z INFO HostContext] Well known directory 'Bin': '/Users/pushpendra/Development/Mobile/Practice/calculator-ios/actions-runner/bin'
[2025-05-25 17:07:48Z INFO HostContext] Well known directory 'Root': '/Users/pushpendra/Development/Mobile/Practice/calculator-ios/actions-runner'
[2025-05-25 17:07:48Z INFO HostContext] Well known config file 'RSACredentials': '/Users/pushpendra/Development/Mobile/Practice/calculator-ios/actions-runner/.credentials_rsaparams'
[2025-05-25 17:07:48Z INFO RSAFileKeyManager] Found existing RSA key parameters file /Users/pushpendra/Development/Mobile/Practice/calculator-ios/actions-runner/.credentials_rsaparams
[2025-05-25 17:07:48Z INFO CommandSettings] Arg 'runnergroup': ''
[2025-05-25 17:07:48Z INFO CommandSettings] Flag 'unattended': 'False'
[2025-05-25 17:07:48Z INFO PromptManager] ReadValue
[2025-05-25 17:07:48Z INFO Terminal] WRITE: Enter the name of the runner group to add this runner to: 
[2025-05-25 17:07:48Z INFO Terminal] WRITE: [press Enter for Default] 
[2025-05-25 17:07:48Z INFO Terminal] READ LINE
[2025-05-25 17:07:50Z INFO Terminal] Read value: ''
[2025-05-25 17:07:50Z INFO PromptManager] Falling back to the default: 'Default'
[2025-05-25 17:07:50Z INFO Terminal] WRITE LINE: 
[2025-05-25 17:07:50Z INFO ConfigurationManager] Found a self-hosted runner group with id 1 and name Default
[2025-05-25 17:07:50Z INFO CommandSettings] Flag 'disableupdate': 'False'
[2025-05-25 17:07:50Z INFO CommandSettings] Flag 'ephemeral': 'False'
[2025-05-25 17:07:50Z INFO CommandSettings] Arg 'name': ''
[2025-05-25 17:07:50Z INFO CommandSettings] Flag 'unattended': 'False'
[2025-05-25 17:07:50Z INFO PromptManager] ReadValue
[2025-05-25 17:07:50Z INFO Terminal] WRITE: Enter the name of runner: 
[2025-05-25 17:07:50Z INFO Terminal] WRITE: [press Enter for Mac] 
[2025-05-25 17:07:50Z INFO Terminal] READ LINE
[2025-05-25 17:08:09Z INFO Terminal] Read value: 'self-hosted'
[2025-05-25 17:08:09Z INFO Terminal] WRITE LINE: 
[2025-05-25 17:08:09Z INFO CommandSettings] Arg 'labels': ''
[2025-05-25 17:08:09Z INFO CommandSettings] Flag 'unattended': 'False'
[2025-05-25 17:08:09Z INFO PromptManager] ReadValue
[2025-05-25 17:08:09Z INFO Terminal] WRITE: This runner will have the following labels: 'self-hosted', 'macOS', 'ARM64' 
Enter any additional labels (ex. label-1,label-2): 
[2025-05-25 17:08:09Z INFO Terminal] WRITE: [press Enter to skip] 
[2025-05-25 17:08:09Z INFO Terminal] READ LINE
[2025-05-25 17:08:20Z INFO Terminal] Read value: ''
[2025-05-25 17:08:20Z INFO Terminal] WRITE LINE: 
[2025-05-25 17:08:20Z INFO CommandSettings] Flag 'disableupdate': 'False'
[2025-05-25 17:08:20Z INFO CommandSettings] Flag 'no-default-labels': 'False'
[2025-05-25 17:08:21Z INFO CommandSettings] Flag 'disableupdate': 'False'
[2025-05-25 17:08:21Z INFO CommandSettings] Flag 'ephemeral': 'False'
[2025-05-25 17:08:21Z INFO ConfigurationStore] Saving OAuth credential @ /Users/pushpendra/Development/Mobile/Practice/calculator-ios/actions-runner/.credentials
[2025-05-25 17:08:21Z INFO ConfigurationStore] Credentials Saved.
[2025-05-25 17:08:21Z INFO ConfigurationStore] HasCredentials()
[2025-05-25 17:08:21Z INFO ConfigurationStore] stored True
[2025-05-25 17:08:21Z INFO CredentialManager] GetCredentialProvider
[2025-05-25 17:08:21Z INFO CredentialManager] Creating type OAuth
[2025-05-25 17:08:21Z INFO CredentialManager] Creating credential type: OAuth
[2025-05-25 17:08:21Z INFO RSAFileKeyManager] Loading RSA key parameters from file /Users/pushpendra/Development/Mobile/Practice/calculator-ios/actions-runner/.credentials_rsaparams
[2025-05-25 17:08:21Z INFO RunnerServer] EstablishVssConnection
[2025-05-25 17:08:21Z INFO RunnerServer] Establish connection with 100 seconds timeout.
[2025-05-25 17:08:21Z INFO GitHubActionsService] Starting operation Location.GetConnectionData
[2025-05-25 17:08:21Z INFO RunnerServer] EstablishVssConnection
[2025-05-25 17:08:21Z INFO RunnerServer] Establish connection with 60 seconds timeout.
[2025-05-25 17:08:21Z INFO GitHubActionsService] Starting operation Location.GetConnectionData
[2025-05-25 17:08:21Z INFO RunnerServer] EstablishVssConnection
[2025-05-25 17:08:21Z INFO RunnerServer] Establish connection with 60 seconds timeout.
[2025-05-25 17:08:21Z INFO GitHubActionsService] Starting operation Location.GetConnectionData
[2025-05-25 17:08:22Z INFO GitHubActionsService] Finished operation Location.GetConnectionData
[2025-05-25 17:08:22Z INFO GitHubActionsService] Finished operation Location.GetConnectionData
[2025-05-25 17:08:22Z INFO GitHubActionsService] Finished operation Location.GetConnectionData
[2025-05-25 17:08:22Z INFO RSAFileKeyManager] Loading RSA key parameters from file /Users/pushpendra/Development/Mobile/Practice/calculator-ios/actions-runner/.credentials_rsaparams
[2025-05-25 17:08:22Z INFO RSAFileKeyManager] Loading RSA key parameters from file /Users/pushpendra/Development/Mobile/Practice/calculator-ios/actions-runner/.credentials_rsaparams
[2025-05-25 17:08:24Z INFO GitHubActionsService] AAD Correlation ID for this token request: Unknown
[2025-05-25 17:08:24Z INFO CommandSettings] Arg 'work': ''
[2025-05-25 17:08:24Z INFO CommandSettings] Flag 'unattended': 'False'
[2025-05-25 17:08:24Z INFO PromptManager] ReadValue
[2025-05-25 17:08:24Z INFO Terminal] WRITE: Enter name of work folder: 
[2025-05-25 17:08:24Z INFO Terminal] WRITE: [press Enter for _work] 
[2025-05-25 17:08:24Z INFO Terminal] READ LINE
[2025-05-25 17:08:58Z INFO Terminal] Read value: ''
[2025-05-25 17:08:58Z INFO PromptManager] Falling back to the default: '_work'
[2025-05-25 17:08:58Z INFO ConfigurationStore] Saving runner settings.
[2025-05-25 17:08:58Z INFO ConfigurationStore] Settings Saved.
[2025-05-25 17:08:58Z INFO Terminal] WRITE LINE: 
[2025-05-25 17:08:58Z INFO Terminal] WRITE LINE: 
[2025-05-25 17:08:58Z INFO OsxServiceControlManager] Service name 'actions.runner.pushpendra996-calculator-ios.self-hosted' display name 'GitHub Actions Runner (pushpendra996-calculator-ios.self-hosted)' will be used for service configuration.
[2025-05-25 17:08:58Z INFO HostContext] Well known directory 'Bin': '/Users/pushpendra/Development/Mobile/Practice/calculator-ios/actions-runner/bin'
[2025-05-25 17:08:58Z INFO HostContext] Well known directory 'Root': '/Users/pushpendra/Development/Mobile/Practice/calculator-ios/actions-runner'
[2025-05-25 17:08:58Z INFO HostContext] Well known directory 'Bin': '/Users/pushpendra/Development/Mobile/Practice/calculator-ios/actions-runner/bin'
[2025-05-25 17:08:58Z INFO HostContext] Well known directory 'Bin': '/Users/pushpendra/Development/Mobile/Practice/calculator-ios/actions-runner/bin'
[2025-05-25 17:08:58Z INFO HostContext] Well known directory 'Root': '/Users/pushpendra/Development/Mobile/Practice/calculator-ios/actions-runner'
[2025-05-25 17:08:58Z INFO UnixUtil] Which2: 'chmod'
[2025-05-25 17:08:58Z INFO UnixUtil] Location: '/bin/chmod'
[2025-05-25 17:08:58Z INFO UnixUtil] Running /bin/chmod 755 "/Users/pushpendra/Development/Mobile/Practice/calculator-ios/actions-runner/svc.sh"
[2025-05-25 17:08:58Z INFO ProcessInvokerWrapper] Starting process:
[2025-05-25 17:08:58Z INFO ProcessInvokerWrapper]   File name: '/bin/chmod'
[2025-05-25 17:08:58Z INFO ProcessInvokerWrapper]   Arguments: '755 "/Users/pushpendra/Development/Mobile/Practice/calculator-ios/actions-runner/svc.sh"'
[2025-05-25 17:08:58Z INFO ProcessInvokerWrapper]   Working directory: '/Users/pushpendra/Development/Mobile/Practice/calculator-ios/actions-runner'
[2025-05-25 17:08:58Z INFO ProcessInvokerWrapper]   Require exit code zero: 'True'
[2025-05-25 17:08:58Z INFO ProcessInvokerWrapper]   Encoding web name:  ; code page: ''
[2025-05-25 17:08:58Z INFO ProcessInvokerWrapper]   Force kill process on cancellation: 'False'
[2025-05-25 17:08:58Z INFO ProcessInvokerWrapper]   Redirected STDIN: 'False'
[2025-05-25 17:08:58Z INFO ProcessInvokerWrapper]   Persist current code page: 'False'
[2025-05-25 17:08:58Z INFO ProcessInvokerWrapper]   Keep redirected STDIN open: 'False'
[2025-05-25 17:08:58Z INFO ProcessInvokerWrapper]   High priority process: 'False'
[2025-05-25 17:08:58Z INFO ProcessInvokerWrapper] Process started with process id 19352, waiting for process exit.
[2025-05-25 17:08:58Z INFO ProcessInvokerWrapper] STDOUT/STDERR stream read finished.
[2025-05-25 17:08:58Z INFO ProcessInvokerWrapper] STDOUT/STDERR stream read finished.
[2025-05-25 17:08:58Z INFO ProcessInvokerWrapper] Finished process 19352 with exit code 0, and elapsed time 00:00:00.0677339.
[2025-05-25 17:08:58Z INFO Listener] Runner execution has finished with return code 0
